[ 2015-09-26T10:05:48+08:00 ] ::1 /
SQL: SHOW COLUMNS FROM `le_category` [ RunTime:0.007413s ]
SQL: SELECT `id`,`name`,`title`,`pid`,`sort`,`list_row`,`meta_title`,`keywords`,`description`,`template_index`,`template_lists`,`template_detail`,`template_edit`,`model`,`type`,`link_id`,`allow_publish`,`display`,`reply`,`check`,`reply_model`,`extend`,`create_time`,`update_time`,`status`,`icon` FROM `le_category` WHERE ( `status` = 1 ) ORDER BY sort  [ RunTime:0.000578s ]
SQL: SHOW COLUMNS FROM `le_document` [ RunTime:0.006938s ]
SQL: SELECT `id`,`uid`,`name`,`title`,`category_id`,`description`,`root`,`pid`,`model_id`,`type`,`position`,`link_id`,`cover_id`,`display`,`deadline`,`attach`,`view`,`comment`,`extend`,`level`,`create_time`,`update_time`,`status` FROM `le_document` WHERE ( `status` = 1 ) AND ( `pid` = 0 ) AND ( `create_time` < 1443233148 ) AND ( deadline = 0 OR deadline > 1443233148 ) ORDER BY `id` DESC  [ RunTime:0.000432s ]
INFO: [ view_parse ] --START--
INFO: [ template_filter ] --START--
INFO: Run Behavior\ContentReplace [ RunTime:0.000266s ]
INFO: [ template_filter ] --END-- [ RunTime:0.000461s ]
SQL: SHOW COLUMNS FROM `le_channel` [ RunTime:0.006490s ]
SQL: SELECT `id`,`pid`,`title`,`url`,`sort`,`create_time`,`update_time`,`status`,`target` FROM `le_channel` WHERE ( status=1 ) ORDER BY sort  [ RunTime:0.000640s ]
NOTIC: [8] Undefined index: id F:\wwwroot\Runtime\Cache\Home\769e70f2e46f34ceb60619bbda5e4691.php 第 111 行.
SQL: SELECT `id`,`name`,`pid`,`title`,`link_id` FROM `le_category` WHERE ( `status` = 1 ) ORDER BY sort  [ RunTime:0.000441s ]
NOTIC: [8] Undefined index: _ F:\wwwroot\Application\Home\Widget\CategoryWidget.class.php 第 25 行.
INFO: [ view_parse ] --START--
INFO: [ template_filter ] --START--
INFO: Run Behavior\ContentReplace [ RunTime:0.000133s ]
INFO: [ template_filter ] --END-- [ RunTime:-0.032043s ]
INFO: Run Behavior\ParseTemplate [ RunTime:0.010261s ]
INFO: [ view_parse ] --END-- [ RunTime:0.010517s ]
INFO: [ view_filter ] --START--
INFO: Run Behavior\WriteHtmlCache [ RunTime:0.001470s ]
INFO: [ view_filter ] --END-- [ RunTime:0.001645s ]
NOTIC: [8] Undefined variable: section1 F:\wwwroot\Runtime\Cache\Home\769e70f2e46f34ceb60619bbda5e4691.php 第 120 行.
NOTIC: [8] Undefined variable: vo F:\wwwroot\Runtime\Cache\Home\769e70f2e46f34ceb60619bbda5e4691.php 第 125 行.
NOTIC: [8] Undefined variable: vo F:\wwwroot\Runtime\Cache\Home\769e70f2e46f34ceb60619bbda5e4691.php 第 126 行.
NOTIC: [8] Undefined variable: vo F:\wwwroot\Runtime\Cache\Home\769e70f2e46f34ceb60619bbda5e4691.php 第 127 行.
NOTIC: [8] Undefined variable: vo F:\wwwroot\Runtime\Cache\Home\769e70f2e46f34ceb60619bbda5e4691.php 第 128 行.
NOTIC: [8] Undefined variable: vo F:\wwwroot\Runtime\Cache\Home\769e70f2e46f34ceb60619bbda5e4691.php 第 129 行.
NOTIC: [8] Undefined variable: vo F:\wwwroot\Runtime\Cache\Home\769e70f2e46f34ceb60619bbda5e4691.php 第 130 行.
NOTIC: [8] Undefined variable: vo F:\wwwroot\Runtime\Cache\Home\769e70f2e46f34ceb60619bbda5e4691.php 第 131 行.
NOTIC: [8] Undefined variable: vo F:\wwwroot\Runtime\Cache\Home\769e70f2e46f34ceb60619bbda5e4691.php 第 132 行.
NOTIC: [8] Undefined variable: vo F:\wwwroot\Runtime\Cache\Home\769e70f2e46f34ceb60619bbda5e4691.php 第 133 行.
NOTIC: [8] Undefined variable: vo F:\wwwroot\Runtime\Cache\Home\769e70f2e46f34ceb60619bbda5e4691.php 第 134 行.
NOTIC: [8] Undefined variable: vo F:\wwwroot\Runtime\Cache\Home\769e70f2e46f34ceb60619bbda5e4691.php 第 135 行.
NOTIC: [8] Undefined variable: vo F:\wwwroot\Runtime\Cache\Home\769e70f2e46f34ceb60619bbda5e4691.php 第 136 行.
NOTIC: [8] Undefined variable: vo F:\wwwroot\Runtime\Cache\Home\769e70f2e46f34ceb60619bbda5e4691.php 第 137 行.
NOTIC: [8] Undefined variable: vo F:\wwwroot\Runtime\Cache\Home\769e70f2e46f34ceb60619bbda5e4691.php 第 138 行.
NOTIC: [8] Undefined variable: vo F:\wwwroot\Runtime\Cache\Home\769e70f2e46f34ceb60619bbda5e4691.php 第 139 行.
NOTIC: [8] Undefined variable: section2 F:\wwwroot\Runtime\Cache\Home\769e70f2e46f34ceb60619bbda5e4691.php 第 148 行.
NOTIC: [8] Undefined variable: vo F:\wwwroot\Runtime\Cache\Home\769e70f2e46f34ceb60619bbda5e4691.php 第 153 行.
NOTIC: [8] Undefined variable: vo F:\wwwroot\Runtime\Cache\Home\769e70f2e46f34ceb60619bbda5e4691.php 第 154 行.
NOTIC: [8] Undefined variable: vo F:\wwwroot\Runtime\Cache\Home\769e70f2e46f34ceb60619bbda5e4691.php 第 155 行.
NOTIC: [8] Undefined variable: vo F:\wwwroot\Runtime\Cache\Home\769e70f2e46f34ceb60619bbda5e4691.php 第 156 行.
NOTIC: [8] Undefined variable: vo F:\wwwroot\Runtime\Cache\Home\769e70f2e46f34ceb60619bbda5e4691.php 第 157 行.
NOTIC: [8] Undefined variable: vo F:\wwwroot\Runtime\Cache\Home\769e70f2e46f34ceb60619bbda5e4691.php 第 158 行.
NOTIC: [8] Undefined variable: vo F:\wwwroot\Runtime\Cache\Home\769e70f2e46f34ceb60619bbda5e4691.php 第 159 行.
NOTIC: [8] Undefined variable: vo F:\wwwroot\Runtime\Cache\Home\769e70f2e46f34ceb60619bbda5e4691.php 第 160 行.
NOTIC: [8] Undefined variable: vo F:\wwwroot\Runtime\Cache\Home\769e70f2e46f34ceb60619bbda5e4691.php 第 161 行.
NOTIC: [8] Undefined variable: vo F:\wwwroot\Runtime\Cache\Home\769e70f2e46f34ceb60619bbda5e4691.php 第 162 行.
NOTIC: [8] Undefined variable: vo F:\wwwroot\Runtime\Cache\Home\769e70f2e46f34ceb60619bbda5e4691.php 第 163 行.
NOTIC: [8] Undefined variable: vo F:\wwwroot\Runtime\Cache\Home\769e70f2e46f34ceb60619bbda5e4691.php 第 164 行.
NOTIC: [8] Undefined variable: vo F:\wwwroot\Runtime\Cache\Home\769e70f2e46f34ceb60619bbda5e4691.php 第 165 行.
NOTIC: [8] Undefined variable: vo F:\wwwroot\Runtime\Cache\Home\769e70f2e46f34ceb60619bbda5e4691.php 第 166 行.
NOTIC: [8] Undefined variable: vo F:\wwwroot\Runtime\Cache\Home\769e70f2e46f34ceb60619bbda5e4691.php 第 167 行.
NOTIC: [8] Undefined variable: vo F:\wwwroot\Runtime\Cache\Home\769e70f2e46f34ceb60619bbda5e4691.php 第 203 行.
NOTIC: [8] Undefined variable: vo F:\wwwroot\Runtime\Cache\Home\769e70f2e46f34ceb60619bbda5e4691.php 第 218 行.
NOTIC: [8] Undefined variable: vo F:\wwwroot\Runtime\Cache\Home\769e70f2e46f34ceb60619bbda5e4691.php 第 234 行.
NOTIC: [8] Undefined variable: vo F:\wwwroot\Runtime\Cache\Home\769e70f2e46f34ceb60619bbda5e4691.php 第 250 行.
NOTIC: [8] Undefined variable: vo F:\wwwroot\Runtime\Cache\Home\769e70f2e46f34ceb60619bbda5e4691.php 第 266 行.
NOTIC: [8] Undefined variable: vo F:\wwwroot\Runtime\Cache\Home\769e70f2e46f34ceb60619bbda5e4691.php 第 282 行.
NOTIC: [8] Undefined variable: vo F:\wwwroot\Runtime\Cache\Home\769e70f2e46f34ceb60619bbda5e4691.php 第 298 行.
NOTIC: [8] Undefined variable: vo F:\wwwroot\Runtime\Cache\Home\769e70f2e46f34ceb60619bbda5e4691.php 第 314 行.
INFO: Run Behavior\ParseTemplate [ RunTime:0.024809s ]
INFO: [ view_parse ] --END-- [ RunTime:0.010517s ]
INFO: [ view_filter ] --START--
INFO: Run Behavior\WriteHtmlCache [ RunTime:0.000062s ]
INFO: [ view_filter ] --END-- [ RunTime:-0.012940s ]
INFO: [ app_end ] --START--
INFO: Run Behavior\ShowPageTrace [ RunTime:0.003460s ]
INFO: [ app_end ] --END-- [ RunTime:0.003675s ]

