[ 2015-09-24T10:56:36+08:00 ] ::1 /
SQL: SHOW COLUMNS FROM `le_category` [ RunTime:0.006680s ]
SQL: SELECT `id`,`name`,`title`,`pid`,`sort`,`list_row`,`meta_title`,`keywords`,`description`,`template_index`,`template_lists`,`template_detail`,`template_edit`,`model`,`type`,`link_id`,`allow_publish`,`display`,`reply`,`check`,`reply_model`,`extend`,`create_time`,`update_time`,`status`,`icon` FROM `le_category` WHERE ( `status` = 1 ) ORDER BY sort  [ RunTime:0.000611s ]
SQL: SHOW COLUMNS FROM `le_document` [ RunTime:0.005964s ]
SQL: SELECT `id`,`uid`,`name`,`title`,`category_id`,`description`,`root`,`pid`,`model_id`,`type`,`position`,`link_id`,`cover_id`,`display`,`deadline`,`attach`,`view`,`comment`,`extend`,`level`,`create_time`,`update_time`,`status` FROM `le_document` WHERE ( `status` = 1 ) AND ( `pid` = 0 ) AND ( `create_time` < 1443063396 ) AND ( deadline = 0 OR deadline > 1443063396 ) ORDER BY `id` DESC  [ RunTime:0.000527s ]
INFO: [ view_parse ] --START--
INFO: [ template_filter ] --START--
INFO: Run Behavior\ContentReplace [ RunTime:0.000211s ]
INFO: [ template_filter ] --END-- [ RunTime:0.000368s ]
SQL: SHOW COLUMNS FROM `le_channel` [ RunTime:0.006550s ]
SQL: SELECT `id`,`pid`,`title`,`url`,`sort`,`create_time`,`update_time`,`status`,`target` FROM `le_channel` WHERE ( status=1 ) ORDER BY sort  [ RunTime:0.000401s ]
NOTIC: [8] Undefined index: id F:\wwwroot\Runtime\Cache\Home\769e70f2e46f34ceb60619bbda5e4691.php 第 111 行.
SQL: SELECT `id`,`name`,`pid`,`title`,`link_id` FROM `le_category` WHERE ( `status` = 1 ) ORDER BY sort  [ RunTime:0.000421s ]
NOTIC: [8] Undefined index: _ F:\wwwroot\Application\Home\Widget\CategoryWidget.class.php 第 25 行.
INFO: [ view_parse ] --START--
INFO: [ template_filter ] --START--
INFO: Run Behavior\ContentReplace [ RunTime:0.000076s ]
INFO: [ template_filter ] --END-- [ RunTime:-0.023588s ]
INFO: Run Behavior\ParseTemplate [ RunTime:0.007844s ]
INFO: [ view_parse ] --END-- [ RunTime:0.008050s ]
INFO: [ view_filter ] --START--
INFO: Run Behavior\WriteHtmlCache [ RunTime:0.001298s ]
INFO: [ view_filter ] --END-- [ RunTime:0.001461s ]
NOTIC: [8] Undefined variable: section1 F:\wwwroot\Runtime\Cache\Home\769e70f2e46f34ceb60619bbda5e4691.php 第 120 行.
NOTIC: [8] Undefined variable: vo F:\wwwroot\Runtime\Cache\Home\769e70f2e46f34ceb60619bbda5e4691.php 第 125 行.
NOTIC: [8] Undefined variable: section2 F:\wwwroot\Runtime\Cache\Home\769e70f2e46f34ceb60619bbda5e4691.php 第 148 行.
INFO: Run Behavior\ParseTemplate [ RunTime:0.010355s ]
INFO: [ view_parse ] --END-- [ RunTime:0.008050s ]
INFO: [ view_filter ] --START--
INFO: Run Behavior\WriteHtmlCache [ RunTime:0.000032s ]
INFO: [ view_filter ] --END-- [ RunTime:-0.001042s ]
INFO: [ app_end ] --START--
INFO: Run Behavior\ShowPageTrace [ RunTime:0.002313s ]
INFO: [ app_end ] --END-- [ RunTime:0.002538s ]

[ 2015-09-24T10:56:43+08:00 ] ::1 /Home/Article/index/category/blog.html
SQL: SHOW COLUMNS FROM `le_category` [ RunTime:0.006197s ]
SQL: SELECT `id`,`name`,`title`,`pid`,`sort`,`list_row`,`meta_title`,`keywords`,`description`,`template_index`,`template_lists`,`template_detail`,`template_edit`,`model`,`type`,`link_id`,`allow_publish`,`display`,`reply`,`check`,`reply_model`,`extend`,`create_time`,`update_time`,`status`,`icon` FROM `le_category` WHERE ( `name` = 'blog' ) LIMIT 1   [ RunTime:0.000438s ]
INFO: [ view_parse ] --START--
INFO: [ template_filter ] --START--
INFO: Run Behavior\ContentReplace [ RunTime:0.000138s ]
INFO: [ template_filter ] --END-- [ RunTime:0.000292s ]
SQL: SHOW COLUMNS FROM `le_channel` [ RunTime:0.007156s ]
SQL: SELECT `id`,`pid`,`title`,`url`,`sort`,`create_time`,`update_time`,`status`,`target` FROM `le_channel` WHERE ( status=1 ) ORDER BY sort  [ RunTime:0.000495s ]
SQL: SELECT `id`,`name`,`title`,`pid`,`sort`,`list_row`,`meta_title`,`keywords`,`description`,`template_index`,`template_lists`,`template_detail`,`template_edit`,`model`,`type`,`link_id`,`allow_publish`,`display`,`reply`,`check`,`reply_model`,`extend`,`create_time`,`update_time`,`status`,`icon` FROM `le_category` WHERE ( `id` = 1 ) LIMIT 1   [ RunTime:0.000627s ]
SQL: SELECT `id`,`name`,`pid`,`title`,`link_id` FROM `le_category` WHERE ( `status` = 1 ) ORDER BY sort  [ RunTime:0.000527s ]
INFO: [ view_parse ] --START--
INFO: [ template_filter ] --START--
INFO: Run Behavior\ContentReplace [ RunTime:0.000122s ]
INFO: [ template_filter ] --END-- [ RunTime:-0.024503s ]
INFO: Run Behavior\ParseTemplate [ RunTime:0.006949s ]
INFO: [ view_parse ] --END-- [ RunTime:0.007171s ]
INFO: [ view_filter ] --START--
INFO: Run Behavior\WriteHtmlCache [ RunTime:0.000596s ]
INFO: [ view_filter ] --END-- [ RunTime:0.000787s ]
SQL: SELECT `id`,`name`,`title`,`pid`,`sort`,`list_row`,`meta_title`,`keywords`,`description`,`template_index`,`template_lists`,`template_detail`,`template_edit`,`model`,`type`,`link_id`,`allow_publish`,`display`,`reply`,`check`,`reply_model`,`extend`,`create_time`,`update_time`,`status`,`icon` FROM `le_category` WHERE ( `id` = 1 ) LIMIT 1   [ RunTime:0.000501s ]
SQL: SELECT `id`,`name`,`pid`,`title`,`link_id` FROM `le_category` WHERE ( `status` = 1 ) ORDER BY sort  [ RunTime:0.000326s ]
SQL: SHOW COLUMNS FROM `le_document` [ RunTime:0.007243s ]
SQL: SELECT `id`,`uid`,`name`,`title`,`category_id`,`description`,`root`,`pid`,`model_id`,`type`,`position`,`link_id`,`cover_id`,`display`,`deadline`,`attach`,`view`,`comment`,`extend`,`level`,`create_time`,`update_time`,`status` FROM `le_document` WHERE ( `status` = 1 ) AND ( `pid` = 0 ) AND ( `category_id` = 2 ) AND ( `create_time` < 1443063403 ) AND ( deadline = 0 OR deadline > 1443063403 ) ORDER BY `level` DESC,`id` DESC LIMIT 0,10   [ RunTime:0.000501s ]
INFO: Run Behavior\ParseTemplate [ RunTime:0.024954s ]
INFO: [ view_parse ] --END-- [ RunTime:0.007171s ]
INFO: [ view_filter ] --START--
INFO: Run Behavior\WriteHtmlCache [ RunTime:0.000060s ]
INFO: [ view_filter ] --END-- [ RunTime:-0.017203s ]
INFO: [ app_end ] --START--
INFO: Run Behavior\ShowPageTrace [ RunTime:0.000967s ]
INFO: [ app_end ] --END-- [ RunTime:0.001171s ]

[ 2015-09-24T10:57:30+08:00 ] ::1 /Home/Index/index.html
SQL: SHOW COLUMNS FROM `le_category` [ RunTime:0.006694s ]
SQL: SELECT `id`,`name`,`title`,`pid`,`sort`,`list_row`,`meta_title`,`keywords`,`description`,`template_index`,`template_lists`,`template_detail`,`template_edit`,`model`,`type`,`link_id`,`allow_publish`,`display`,`reply`,`check`,`reply_model`,`extend`,`create_time`,`update_time`,`status`,`icon` FROM `le_category` WHERE ( `status` = 1 ) ORDER BY sort  [ RunTime:0.000478s ]
SQL: SHOW COLUMNS FROM `le_document` [ RunTime:0.007711s ]
SQL: SELECT `id`,`uid`,`name`,`title`,`category_id`,`description`,`root`,`pid`,`model_id`,`type`,`position`,`link_id`,`cover_id`,`display`,`deadline`,`attach`,`view`,`comment`,`extend`,`level`,`create_time`,`update_time`,`status` FROM `le_document` WHERE ( `status` = 1 ) AND ( `pid` = 0 ) AND ( `create_time` < 1443063449 ) AND ( deadline = 0 OR deadline > 1443063449 ) ORDER BY `id` DESC  [ RunTime:0.000404s ]
INFO: [ view_parse ] --START--
INFO: [ template_filter ] --START--
INFO: Run Behavior\ContentReplace [ RunTime:0.000214s ]
INFO: [ template_filter ] --END-- [ RunTime:0.000369s ]
SQL: SHOW COLUMNS FROM `le_channel` [ RunTime:0.007157s ]
SQL: SELECT `id`,`pid`,`title`,`url`,`sort`,`create_time`,`update_time`,`status`,`target` FROM `le_channel` WHERE ( status=1 ) ORDER BY sort  [ RunTime:0.000645s ]
NOTIC: [8] Undefined index: id F:\wwwroot\Runtime\Cache\Home\769e70f2e46f34ceb60619bbda5e4691.php 第 111 行.
SQL: SELECT `id`,`name`,`pid`,`title`,`link_id` FROM `le_category` WHERE ( `status` = 1 ) ORDER BY sort  [ RunTime:0.000371s ]
NOTIC: [8] Undefined index: _ F:\wwwroot\Application\Home\Widget\CategoryWidget.class.php 第 25 行.
INFO: [ view_parse ] --START--
INFO: [ template_filter ] --START--
INFO: Run Behavior\ContentReplace [ RunTime:0.000081s ]
INFO: [ template_filter ] --END-- [ RunTime:-0.022768s ]
INFO: Run Behavior\ParseTemplate [ RunTime:0.006158s ]
INFO: [ view_parse ] --END-- [ RunTime:0.006346s ]
INFO: [ view_filter ] --START--
INFO: Run Behavior\WriteHtmlCache [ RunTime:0.000393s ]
INFO: [ view_filter ] --END-- [ RunTime:0.000544s ]
NOTIC: [8] Undefined variable: section1 F:\wwwroot\Runtime\Cache\Home\769e70f2e46f34ceb60619bbda5e4691.php 第 120 行.
NOTIC: [8] Undefined variable: vo F:\wwwroot\Runtime\Cache\Home\769e70f2e46f34ceb60619bbda5e4691.php 第 125 行.
NOTIC: [8] Undefined variable: vo F:\wwwroot\Runtime\Cache\Home\769e70f2e46f34ceb60619bbda5e4691.php 第 126 行.
NOTIC: [8] Undefined variable: vo F:\wwwroot\Runtime\Cache\Home\769e70f2e46f34ceb60619bbda5e4691.php 第 127 行.
NOTIC: [8] Undefined variable: vo F:\wwwroot\Runtime\Cache\Home\769e70f2e46f34ceb60619bbda5e4691.php 第 128 行.
NOTIC: [8] Undefined variable: vo F:\wwwroot\Runtime\Cache\Home\769e70f2e46f34ceb60619bbda5e4691.php 第 129 行.
NOTIC: [8] Undefined variable: vo F:\wwwroot\Runtime\Cache\Home\769e70f2e46f34ceb60619bbda5e4691.php 第 130 行.
NOTIC: [8] Undefined variable: vo F:\wwwroot\Runtime\Cache\Home\769e70f2e46f34ceb60619bbda5e4691.php 第 131 行.
NOTIC: [8] Undefined variable: vo F:\wwwroot\Runtime\Cache\Home\769e70f2e46f34ceb60619bbda5e4691.php 第 132 行.
NOTIC: [8] Undefined variable: vo F:\wwwroot\Runtime\Cache\Home\769e70f2e46f34ceb60619bbda5e4691.php 第 133 行.
NOTIC: [8] Undefined variable: vo F:\wwwroot\Runtime\Cache\Home\769e70f2e46f34ceb60619bbda5e4691.php 第 134 行.
NOTIC: [8] Undefined variable: vo F:\wwwroot\Runtime\Cache\Home\769e70f2e46f34ceb60619bbda5e4691.php 第 135 行.
NOTIC: [8] Undefined variable: vo F:\wwwroot\Runtime\Cache\Home\769e70f2e46f34ceb60619bbda5e4691.php 第 136 行.
NOTIC: [8] Undefined variable: vo F:\wwwroot\Runtime\Cache\Home\769e70f2e46f34ceb60619bbda5e4691.php 第 137 行.
NOTIC: [8] Undefined variable: vo F:\wwwroot\Runtime\Cache\Home\769e70f2e46f34ceb60619bbda5e4691.php 第 138 行.
NOTIC: [8] Undefined variable: vo F:\wwwroot\Runtime\Cache\Home\769e70f2e46f34ceb60619bbda5e4691.php 第 139 行.
NOTIC: [8] Undefined variable: section2 F:\wwwroot\Runtime\Cache\Home\769e70f2e46f34ceb60619bbda5e4691.php 第 148 行.
INFO: Run Behavior\ParseTemplate [ RunTime:0.010834s ]
INFO: [ view_parse ] --END-- [ RunTime:0.006346s ]
INFO: [ view_filter ] --START--
INFO: Run Behavior\WriteHtmlCache [ RunTime:0.000030s ]
INFO: [ view_filter ] --END-- [ RunTime:-0.004083s ]
INFO: [ app_end ] --START--
INFO: Run Behavior\ShowPageTrace [ RunTime:0.000974s ]
INFO: [ app_end ] --END-- [ RunTime:0.001154s ]

[ 2015-09-24T10:57:43+08:00 ] ::1 /Home/Index/index.html
SQL: SHOW COLUMNS FROM `le_category` [ RunTime:0.005835s ]
SQL: SELECT `id`,`name`,`title`,`pid`,`sort`,`list_row`,`meta_title`,`keywords`,`description`,`template_index`,`template_lists`,`template_detail`,`template_edit`,`model`,`type`,`link_id`,`allow_publish`,`display`,`reply`,`check`,`reply_model`,`extend`,`create_time`,`update_time`,`status`,`icon` FROM `le_category` WHERE ( `status` = 1 ) ORDER BY sort  [ RunTime:0.000573s ]
SQL: SHOW COLUMNS FROM `le_document` [ RunTime:0.006512s ]
SQL: SELECT `id`,`uid`,`name`,`title`,`category_id`,`description`,`root`,`pid`,`model_id`,`type`,`position`,`link_id`,`cover_id`,`display`,`deadline`,`attach`,`view`,`comment`,`extend`,`level`,`create_time`,`update_time`,`status` FROM `le_document` WHERE ( `status` = 1 ) AND ( `pid` = 0 ) AND ( `create_time` < 1443063463 ) AND ( deadline = 0 OR deadline > 1443063463 ) ORDER BY `id` DESC  [ RunTime:0.000426s ]
INFO: [ view_parse ] --START--
INFO: [ template_filter ] --START--
INFO: Run Behavior\ContentReplace [ RunTime:0.000254s ]
INFO: [ template_filter ] --END-- [ RunTime:0.000442s ]
SQL: SHOW COLUMNS FROM `le_channel` [ RunTime:0.006491s ]
SQL: SELECT `id`,`pid`,`title`,`url`,`sort`,`create_time`,`update_time`,`status`,`target` FROM `le_channel` WHERE ( status=1 ) ORDER BY sort  [ RunTime:0.000686s ]
NOTIC: [8] Undefined index: id F:\wwwroot\Runtime\Cache\Home\769e70f2e46f34ceb60619bbda5e4691.php 第 111 行.
SQL: SELECT `id`,`name`,`pid`,`title`,`link_id` FROM `le_category` WHERE ( `status` = 1 ) ORDER BY sort  [ RunTime:0.000465s ]
NOTIC: [8] Undefined index: _ F:\wwwroot\Application\Home\Widget\CategoryWidget.class.php 第 25 行.
INFO: [ view_parse ] --START--
INFO: [ template_filter ] --START--
INFO: Run Behavior\ContentReplace [ RunTime:0.000139s ]
INFO: [ template_filter ] --END-- [ RunTime:-0.025173s ]
INFO: Run Behavior\ParseTemplate [ RunTime:0.006216s ]
INFO: [ view_parse ] --END-- [ RunTime:0.006426s ]
INFO: [ view_filter ] --START--
INFO: Run Behavior\WriteHtmlCache [ RunTime:0.000462s ]
INFO: [ view_filter ] --END-- [ RunTime:0.000682s ]
NOTIC: [8] Undefined variable: section1 F:\wwwroot\Runtime\Cache\Home\769e70f2e46f34ceb60619bbda5e4691.php 第 120 行.
NOTIC: [8] Undefined variable: vo F:\wwwroot\Runtime\Cache\Home\769e70f2e46f34ceb60619bbda5e4691.php 第 125 行.
NOTIC: [8] Undefined variable: vo F:\wwwroot\Runtime\Cache\Home\769e70f2e46f34ceb60619bbda5e4691.php 第 126 行.
NOTIC: [8] Undefined variable: vo F:\wwwroot\Runtime\Cache\Home\769e70f2e46f34ceb60619bbda5e4691.php 第 127 行.
NOTIC: [8] Undefined variable: vo F:\wwwroot\Runtime\Cache\Home\769e70f2e46f34ceb60619bbda5e4691.php 第 128 行.
NOTIC: [8] Undefined variable: vo F:\wwwroot\Runtime\Cache\Home\769e70f2e46f34ceb60619bbda5e4691.php 第 129 行.
NOTIC: [8] Undefined variable: vo F:\wwwroot\Runtime\Cache\Home\769e70f2e46f34ceb60619bbda5e4691.php 第 130 行.
NOTIC: [8] Undefined variable: vo F:\wwwroot\Runtime\Cache\Home\769e70f2e46f34ceb60619bbda5e4691.php 第 131 行.
NOTIC: [8] Undefined variable: vo F:\wwwroot\Runtime\Cache\Home\769e70f2e46f34ceb60619bbda5e4691.php 第 132 行.
NOTIC: [8] Undefined variable: vo F:\wwwroot\Runtime\Cache\Home\769e70f2e46f34ceb60619bbda5e4691.php 第 133 行.
NOTIC: [8] Undefined variable: vo F:\wwwroot\Runtime\Cache\Home\769e70f2e46f34ceb60619bbda5e4691.php 第 134 行.
NOTIC: [8] Undefined variable: vo F:\wwwroot\Runtime\Cache\Home\769e70f2e46f34ceb60619bbda5e4691.php 第 135 行.
NOTIC: [8] Undefined variable: vo F:\wwwroot\Runtime\Cache\Home\769e70f2e46f34ceb60619bbda5e4691.php 第 136 行.
NOTIC: [8] Undefined variable: vo F:\wwwroot\Runtime\Cache\Home\769e70f2e46f34ceb60619bbda5e4691.php 第 137 行.
NOTIC: [8] Undefined variable: vo F:\wwwroot\Runtime\Cache\Home\769e70f2e46f34ceb60619bbda5e4691.php 第 138 行.
NOTIC: [8] Undefined variable: vo F:\wwwroot\Runtime\Cache\Home\769e70f2e46f34ceb60619bbda5e4691.php 第 139 行.
NOTIC: [8] Undefined variable: section2 F:\wwwroot\Runtime\Cache\Home\769e70f2e46f34ceb60619bbda5e4691.php 第 148 行.
NOTIC: [8] Undefined variable: vo F:\wwwroot\Runtime\Cache\Home\769e70f2e46f34ceb60619bbda5e4691.php 第 153 行.
NOTIC: [8] Undefined variable: vo F:\wwwroot\Runtime\Cache\Home\769e70f2e46f34ceb60619bbda5e4691.php 第 154 行.
NOTIC: [8] Undefined variable: vo F:\wwwroot\Runtime\Cache\Home\769e70f2e46f34ceb60619bbda5e4691.php 第 155 行.
NOTIC: [8] Undefined variable: vo F:\wwwroot\Runtime\Cache\Home\769e70f2e46f34ceb60619bbda5e4691.php 第 156 行.
NOTIC: [8] Undefined variable: vo F:\wwwroot\Runtime\Cache\Home\769e70f2e46f34ceb60619bbda5e4691.php 第 157 行.
NOTIC: [8] Undefined variable: vo F:\wwwroot\Runtime\Cache\Home\769e70f2e46f34ceb60619bbda5e4691.php 第 158 行.
NOTIC: [8] Undefined variable: vo F:\wwwroot\Runtime\Cache\Home\769e70f2e46f34ceb60619bbda5e4691.php 第 159 行.
NOTIC: [8] Undefined variable: vo F:\wwwroot\Runtime\Cache\Home\769e70f2e46f34ceb60619bbda5e4691.php 第 160 行.
NOTIC: [8] Undefined variable: vo F:\wwwroot\Runtime\Cache\Home\769e70f2e46f34ceb60619bbda5e4691.php 第 161 行.
NOTIC: [8] Undefined variable: vo F:\wwwroot\Runtime\Cache\Home\769e70f2e46f34ceb60619bbda5e4691.php 第 162 行.
NOTIC: [8] Undefined variable: vo F:\wwwroot\Runtime\Cache\Home\769e70f2e46f34ceb60619bbda5e4691.php 第 163 行.
NOTIC: [8] Undefined variable: vo F:\wwwroot\Runtime\Cache\Home\769e70f2e46f34ceb60619bbda5e4691.php 第 164 行.
NOTIC: [8] Undefined variable: vo F:\wwwroot\Runtime\Cache\Home\769e70f2e46f34ceb60619bbda5e4691.php 第 165 行.
NOTIC: [8] Undefined variable: vo F:\wwwroot\Runtime\Cache\Home\769e70f2e46f34ceb60619bbda5e4691.php 第 166 行.
NOTIC: [8] Undefined variable: vo F:\wwwroot\Runtime\Cache\Home\769e70f2e46f34ceb60619bbda5e4691.php 第 167 行.
INFO: Run Behavior\ParseTemplate [ RunTime:0.015809s ]
INFO: [ view_parse ] --END-- [ RunTime:0.006426s ]
INFO: [ view_filter ] --START--
INFO: Run Behavior\WriteHtmlCache [ RunTime:0.000050s ]
INFO: [ view_filter ] --END-- [ RunTime:-0.008878s ]
INFO: [ app_end ] --START--
INFO: Run Behavior\ShowPageTrace [ RunTime:0.001308s ]
INFO: [ app_end ] --END-- [ RunTime:0.001561s ]

[ 2015-09-24T11:01:18+08:00 ] ::1 /Home/Index/index.html
SQL: SHOW COLUMNS FROM `le_category` [ RunTime:0.007104s ]
SQL: SELECT `id`,`name`,`title`,`pid`,`sort`,`list_row`,`meta_title`,`keywords`,`description`,`template_index`,`template_lists`,`template_detail`,`template_edit`,`model`,`type`,`link_id`,`allow_publish`,`display`,`reply`,`check`,`reply_model`,`extend`,`create_time`,`update_time`,`status`,`icon` FROM `le_category` WHERE ( `status` = 1 ) ORDER BY sort  [ RunTime:0.000597s ]
SQL: SHOW COLUMNS FROM `le_document` [ RunTime:0.007239s ]
SQL: SELECT `id`,`uid`,`name`,`title`,`category_id`,`description`,`root`,`pid`,`model_id`,`type`,`position`,`link_id`,`cover_id`,`display`,`deadline`,`attach`,`view`,`comment`,`extend`,`level`,`create_time`,`update_time`,`status` FROM `le_document` WHERE ( `status` = 1 ) AND ( `pid` = 0 ) AND ( `create_time` < 1443063678 ) AND ( deadline = 0 OR deadline > 1443063678 ) ORDER BY `id` DESC  [ RunTime:0.000422s ]
INFO: [ view_parse ] --START--
INFO: [ template_filter ] --START--
INFO: Run Behavior\ContentReplace [ RunTime:0.000219s ]
INFO: [ template_filter ] --END-- [ RunTime:0.000374s ]
SQL: SHOW COLUMNS FROM `le_channel` [ RunTime:0.007812s ]
SQL: SELECT `id`,`pid`,`title`,`url`,`sort`,`create_time`,`update_time`,`status`,`target` FROM `le_channel` WHERE ( status=1 ) ORDER BY sort  [ RunTime:0.000397s ]
NOTIC: [8] Undefined index: id F:\wwwroot\Runtime\Cache\Home\769e70f2e46f34ceb60619bbda5e4691.php 第 111 行.
SQL: SELECT `id`,`name`,`pid`,`title`,`link_id` FROM `le_category` WHERE ( `status` = 1 ) ORDER BY sort  [ RunTime:0.000338s ]
NOTIC: [8] Undefined index: _ F:\wwwroot\Application\Home\Widget\CategoryWidget.class.php 第 25 行.
INFO: [ view_parse ] --START--
INFO: [ template_filter ] --START--
INFO: Run Behavior\ContentReplace [ RunTime:0.000078s ]
INFO: [ template_filter ] --END-- [ RunTime:-0.024595s ]
INFO: Run Behavior\ParseTemplate [ RunTime:0.007190s ]
INFO: [ view_parse ] --END-- [ RunTime:0.007407s ]
INFO: [ view_filter ] --START--
INFO: Run Behavior\WriteHtmlCache [ RunTime:0.000770s ]
INFO: [ view_filter ] --END-- [ RunTime:0.000968s ]
NOTIC: [8] Undefined variable: section1 F:\wwwroot\Runtime\Cache\Home\769e70f2e46f34ceb60619bbda5e4691.php 第 120 行.
NOTIC: [8] Undefined variable: vo F:\wwwroot\Runtime\Cache\Home\769e70f2e46f34ceb60619bbda5e4691.php 第 125 行.
NOTIC: [8] Undefined variable: vo F:\wwwroot\Runtime\Cache\Home\769e70f2e46f34ceb60619bbda5e4691.php 第 126 行.
NOTIC: [8] Undefined variable: vo F:\wwwroot\Runtime\Cache\Home\769e70f2e46f34ceb60619bbda5e4691.php 第 127 行.
NOTIC: [8] Undefined variable: vo F:\wwwroot\Runtime\Cache\Home\769e70f2e46f34ceb60619bbda5e4691.php 第 128 行.
NOTIC: [8] Undefined variable: vo F:\wwwroot\Runtime\Cache\Home\769e70f2e46f34ceb60619bbda5e4691.php 第 129 行.
NOTIC: [8] Undefined variable: vo F:\wwwroot\Runtime\Cache\Home\769e70f2e46f34ceb60619bbda5e4691.php 第 130 行.
NOTIC: [8] Undefined variable: vo F:\wwwroot\Runtime\Cache\Home\769e70f2e46f34ceb60619bbda5e4691.php 第 131 行.
NOTIC: [8] Undefined variable: vo F:\wwwroot\Runtime\Cache\Home\769e70f2e46f34ceb60619bbda5e4691.php 第 132 行.
NOTIC: [8] Undefined variable: vo F:\wwwroot\Runtime\Cache\Home\769e70f2e46f34ceb60619bbda5e4691.php 第 133 行.
NOTIC: [8] Undefined variable: vo F:\wwwroot\Runtime\Cache\Home\769e70f2e46f34ceb60619bbda5e4691.php 第 134 行.
NOTIC: [8] Undefined variable: vo F:\wwwroot\Runtime\Cache\Home\769e70f2e46f34ceb60619bbda5e4691.php 第 135 行.
NOTIC: [8] Undefined variable: vo F:\wwwroot\Runtime\Cache\Home\769e70f2e46f34ceb60619bbda5e4691.php 第 136 行.
NOTIC: [8] Undefined variable: vo F:\wwwroot\Runtime\Cache\Home\769e70f2e46f34ceb60619bbda5e4691.php 第 137 行.
NOTIC: [8] Undefined variable: vo F:\wwwroot\Runtime\Cache\Home\769e70f2e46f34ceb60619bbda5e4691.php 第 138 行.
NOTIC: [8] Undefined variable: vo F:\wwwroot\Runtime\Cache\Home\769e70f2e46f34ceb60619bbda5e4691.php 第 139 行.
NOTIC: [8] Undefined variable: section2 F:\wwwroot\Runtime\Cache\Home\769e70f2e46f34ceb60619bbda5e4691.php 第 148 行.
NOTIC: [8] Undefined variable: vo F:\wwwroot\Runtime\Cache\Home\769e70f2e46f34ceb60619bbda5e4691.php 第 153 行.
NOTIC: [8] Undefined variable: vo F:\wwwroot\Runtime\Cache\Home\769e70f2e46f34ceb60619bbda5e4691.php 第 154 行.
NOTIC: [8] Undefined variable: vo F:\wwwroot\Runtime\Cache\Home\769e70f2e46f34ceb60619bbda5e4691.php 第 155 行.
NOTIC: [8] Undefined variable: vo F:\wwwroot\Runtime\Cache\Home\769e70f2e46f34ceb60619bbda5e4691.php 第 156 行.
NOTIC: [8] Undefined variable: vo F:\wwwroot\Runtime\Cache\Home\769e70f2e46f34ceb60619bbda5e4691.php 第 157 行.
NOTIC: [8] Undefined variable: vo F:\wwwroot\Runtime\Cache\Home\769e70f2e46f34ceb60619bbda5e4691.php 第 158 行.
NOTIC: [8] Undefined variable: vo F:\wwwroot\Runtime\Cache\Home\769e70f2e46f34ceb60619bbda5e4691.php 第 159 行.
NOTIC: [8] Undefined variable: vo F:\wwwroot\Runtime\Cache\Home\769e70f2e46f34ceb60619bbda5e4691.php 第 160 行.
NOTIC: [8] Undefined variable: vo F:\wwwroot\Runtime\Cache\Home\769e70f2e46f34ceb60619bbda5e4691.php 第 161 行.
NOTIC: [8] Undefined variable: vo F:\wwwroot\Runtime\Cache\Home\769e70f2e46f34ceb60619bbda5e4691.php 第 162 行.
NOTIC: [8] Undefined variable: vo F:\wwwroot\Runtime\Cache\Home\769e70f2e46f34ceb60619bbda5e4691.php 第 163 行.
NOTIC: [8] Undefined variable: vo F:\wwwroot\Runtime\Cache\Home\769e70f2e46f34ceb60619bbda5e4691.php 第 164 行.
NOTIC: [8] Undefined variable: vo F:\wwwroot\Runtime\Cache\Home\769e70f2e46f34ceb60619bbda5e4691.php 第 165 行.
NOTIC: [8] Undefined variable: vo F:\wwwroot\Runtime\Cache\Home\769e70f2e46f34ceb60619bbda5e4691.php 第 166 行.
NOTIC: [8] Undefined variable: vo F:\wwwroot\Runtime\Cache\Home\769e70f2e46f34ceb60619bbda5e4691.php 第 167 行.
INFO: Run Behavior\ParseTemplate [ RunTime:0.016022s ]
INFO: [ view_parse ] --END-- [ RunTime:0.007407s ]
INFO: [ view_filter ] --START--
INFO: Run Behavior\WriteHtmlCache [ RunTime:0.000031s ]
INFO: [ view_filter ] --END-- [ RunTime:-0.007785s ]
INFO: [ app_end ] --START--
INFO: Run Behavior\ShowPageTrace [ RunTime:0.001008s ]
INFO: [ app_end ] --END-- [ RunTime:0.001168s ]

[ 2015-09-24T11:01:21+08:00 ] ::1 /Home/Article/index/category/blog.html
SQL: SHOW COLUMNS FROM `le_category` [ RunTime:0.006260s ]
SQL: SELECT `id`,`name`,`title`,`pid`,`sort`,`list_row`,`meta_title`,`keywords`,`description`,`template_index`,`template_lists`,`template_detail`,`template_edit`,`model`,`type`,`link_id`,`allow_publish`,`display`,`reply`,`check`,`reply_model`,`extend`,`create_time`,`update_time`,`status`,`icon` FROM `le_category` WHERE ( `name` = 'blog' ) LIMIT 1   [ RunTime:0.000428s ]
INFO: [ view_parse ] --START--
INFO: [ template_filter ] --START--
INFO: Run Behavior\ContentReplace [ RunTime:0.000140s ]
INFO: [ template_filter ] --END-- [ RunTime:0.000302s ]
SQL: SHOW COLUMNS FROM `le_channel` [ RunTime:0.006445s ]
SQL: SELECT `id`,`pid`,`title`,`url`,`sort`,`create_time`,`update_time`,`status`,`target` FROM `le_channel` WHERE ( status=1 ) ORDER BY sort  [ RunTime:0.000500s ]
SQL: SELECT `id`,`name`,`title`,`pid`,`sort`,`list_row`,`meta_title`,`keywords`,`description`,`template_index`,`template_lists`,`template_detail`,`template_edit`,`model`,`type`,`link_id`,`allow_publish`,`display`,`reply`,`check`,`reply_model`,`extend`,`create_time`,`update_time`,`status`,`icon` FROM `le_category` WHERE ( `id` = 1 ) LIMIT 1   [ RunTime:0.000423s ]
SQL: SELECT `id`,`name`,`pid`,`title`,`link_id` FROM `le_category` WHERE ( `status` = 1 ) ORDER BY sort  [ RunTime:0.000328s ]
INFO: [ view_parse ] --START--
INFO: [ template_filter ] --START--
INFO: Run Behavior\ContentReplace [ RunTime:0.000124s ]
INFO: [ template_filter ] --END-- [ RunTime:-0.022344s ]
INFO: Run Behavior\ParseTemplate [ RunTime:0.007698s ]
INFO: [ view_parse ] --END-- [ RunTime:0.007945s ]
INFO: [ view_filter ] --START--
INFO: Run Behavior\WriteHtmlCache [ RunTime:0.000575s ]
INFO: [ view_filter ] --END-- [ RunTime:0.000862s ]
SQL: SELECT `id`,`name`,`title`,`pid`,`sort`,`list_row`,`meta_title`,`keywords`,`description`,`template_index`,`template_lists`,`template_detail`,`template_edit`,`model`,`type`,`link_id`,`allow_publish`,`display`,`reply`,`check`,`reply_model`,`extend`,`create_time`,`update_time`,`status`,`icon` FROM `le_category` WHERE ( `id` = 1 ) LIMIT 1   [ RunTime:0.000519s ]
SQL: SELECT `id`,`name`,`pid`,`title`,`link_id` FROM `le_category` WHERE ( `status` = 1 ) ORDER BY sort  [ RunTime:0.000374s ]
SQL: SHOW COLUMNS FROM `le_document` [ RunTime:0.007023s ]
SQL: SELECT `id`,`uid`,`name`,`title`,`category_id`,`description`,`root`,`pid`,`model_id`,`type`,`position`,`link_id`,`cover_id`,`display`,`deadline`,`attach`,`view`,`comment`,`extend`,`level`,`create_time`,`update_time`,`status` FROM `le_document` WHERE ( `status` = 1 ) AND ( `pid` = 0 ) AND ( `category_id` = 2 ) AND ( `create_time` < 1443063681 ) AND ( deadline = 0 OR deadline > 1443063681 ) ORDER BY `level` DESC,`id` DESC LIMIT 0,10   [ RunTime:0.000491s ]
INFO: Run Behavior\ParseTemplate [ RunTime:0.023734s ]
INFO: [ view_parse ] --END-- [ RunTime:0.007945s ]
INFO: [ view_filter ] --START--
INFO: Run Behavior\WriteHtmlCache [ RunTime:0.000031s ]
INFO: [ view_filter ] --END-- [ RunTime:-0.015006s ]
INFO: [ app_end ] --START--
INFO: Run Behavior\ShowPageTrace [ RunTime:0.000907s ]
INFO: [ app_end ] --END-- [ RunTime:0.001052s ]

[ 2015-09-24T11:44:28+08:00 ] ::1 /Home/Index/index.html
SQL: SHOW COLUMNS FROM `le_category` [ RunTime:0.006939s ]
SQL: SELECT `id`,`name`,`title`,`pid`,`sort`,`list_row`,`meta_title`,`keywords`,`description`,`template_index`,`template_lists`,`template_detail`,`template_edit`,`model`,`type`,`link_id`,`allow_publish`,`display`,`reply`,`check`,`reply_model`,`extend`,`create_time`,`update_time`,`status`,`icon` FROM `le_category` WHERE ( `status` = 1 ) ORDER BY sort  [ RunTime:0.000526s ]
SQL: SHOW COLUMNS FROM `le_document` [ RunTime:0.007462s ]
SQL: SELECT `id`,`uid`,`name`,`title`,`category_id`,`description`,`root`,`pid`,`model_id`,`type`,`position`,`link_id`,`cover_id`,`display`,`deadline`,`attach`,`view`,`comment`,`extend`,`level`,`create_time`,`update_time`,`status` FROM `le_document` WHERE ( `status` = 1 ) AND ( `pid` = 0 ) AND ( `create_time` < 1443066268 ) AND ( deadline = 0 OR deadline > 1443066268 ) ORDER BY `id` DESC  [ RunTime:0.000422s ]
INFO: [ view_parse ] --START--
INFO: [ template_filter ] --START--
INFO: Run Behavior\ContentReplace [ RunTime:0.000259s ]
INFO: [ template_filter ] --END-- [ RunTime:0.000421s ]
SQL: SHOW COLUMNS FROM `le_channel` [ RunTime:0.006482s ]
SQL: SELECT `id`,`pid`,`title`,`url`,`sort`,`create_time`,`update_time`,`status`,`target` FROM `le_channel` WHERE ( status=1 ) ORDER BY sort  [ RunTime:0.000441s ]
NOTIC: [8] Undefined index: id F:\wwwroot\Runtime\Cache\Home\769e70f2e46f34ceb60619bbda5e4691.php 第 111 行.
SQL: SELECT `id`,`name`,`pid`,`title`,`link_id` FROM `le_category` WHERE ( `status` = 1 ) ORDER BY sort  [ RunTime:0.000371s ]
NOTIC: [8] Undefined index: _ F:\wwwroot\Application\Home\Widget\CategoryWidget.class.php 第 25 行.
INFO: [ view_parse ] --START--
INFO: [ template_filter ] --START--
INFO: Run Behavior\ContentReplace [ RunTime:0.000083s ]
INFO: [ template_filter ] --END-- [ RunTime:-0.022866s ]
INFO: Run Behavior\ParseTemplate [ RunTime:0.006575s ]
INFO: [ view_parse ] --END-- [ RunTime:0.006757s ]
INFO: [ view_filter ] --START--
INFO: Run Behavior\WriteHtmlCache [ RunTime:0.001279s ]
INFO: [ view_filter ] --END-- [ RunTime:0.001446s ]
NOTIC: [8] Undefined variable: section1 F:\wwwroot\Runtime\Cache\Home\769e70f2e46f34ceb60619bbda5e4691.php 第 120 行.
NOTIC: [8] Undefined variable: vo F:\wwwroot\Runtime\Cache\Home\769e70f2e46f34ceb60619bbda5e4691.php 第 125 行.
NOTIC: [8] Undefined variable: vo F:\wwwroot\Runtime\Cache\Home\769e70f2e46f34ceb60619bbda5e4691.php 第 126 行.
NOTIC: [8] Undefined variable: vo F:\wwwroot\Runtime\Cache\Home\769e70f2e46f34ceb60619bbda5e4691.php 第 127 行.
NOTIC: [8] Undefined variable: vo F:\wwwroot\Runtime\Cache\Home\769e70f2e46f34ceb60619bbda5e4691.php 第 128 行.
NOTIC: [8] Undefined variable: vo F:\wwwroot\Runtime\Cache\Home\769e70f2e46f34ceb60619bbda5e4691.php 第 129 行.
NOTIC: [8] Undefined variable: vo F:\wwwroot\Runtime\Cache\Home\769e70f2e46f34ceb60619bbda5e4691.php 第 130 行.
NOTIC: [8] Undefined variable: vo F:\wwwroot\Runtime\Cache\Home\769e70f2e46f34ceb60619bbda5e4691.php 第 131 行.
NOTIC: [8] Undefined variable: vo F:\wwwroot\Runtime\Cache\Home\769e70f2e46f34ceb60619bbda5e4691.php 第 132 行.
NOTIC: [8] Undefined variable: vo F:\wwwroot\Runtime\Cache\Home\769e70f2e46f34ceb60619bbda5e4691.php 第 133 行.
NOTIC: [8] Undefined variable: vo F:\wwwroot\Runtime\Cache\Home\769e70f2e46f34ceb60619bbda5e4691.php 第 134 行.
NOTIC: [8] Undefined variable: vo F:\wwwroot\Runtime\Cache\Home\769e70f2e46f34ceb60619bbda5e4691.php 第 135 行.
NOTIC: [8] Undefined variable: vo F:\wwwroot\Runtime\Cache\Home\769e70f2e46f34ceb60619bbda5e4691.php 第 136 行.
NOTIC: [8] Undefined variable: vo F:\wwwroot\Runtime\Cache\Home\769e70f2e46f34ceb60619bbda5e4691.php 第 137 行.
NOTIC: [8] Undefined variable: vo F:\wwwroot\Runtime\Cache\Home\769e70f2e46f34ceb60619bbda5e4691.php 第 138 行.
NOTIC: [8] Undefined variable: vo F:\wwwroot\Runtime\Cache\Home\769e70f2e46f34ceb60619bbda5e4691.php 第 139 行.
NOTIC: [8] Undefined variable: section2 F:\wwwroot\Runtime\Cache\Home\769e70f2e46f34ceb60619bbda5e4691.php 第 148 行.
NOTIC: [8] Undefined variable: vo F:\wwwroot\Runtime\Cache\Home\769e70f2e46f34ceb60619bbda5e4691.php 第 153 行.
NOTIC: [8] Undefined variable: vo F:\wwwroot\Runtime\Cache\Home\769e70f2e46f34ceb60619bbda5e4691.php 第 154 行.
NOTIC: [8] Undefined variable: vo F:\wwwroot\Runtime\Cache\Home\769e70f2e46f34ceb60619bbda5e4691.php 第 155 行.
NOTIC: [8] Undefined variable: vo F:\wwwroot\Runtime\Cache\Home\769e70f2e46f34ceb60619bbda5e4691.php 第 156 行.
NOTIC: [8] Undefined variable: vo F:\wwwroot\Runtime\Cache\Home\769e70f2e46f34ceb60619bbda5e4691.php 第 157 行.
NOTIC: [8] Undefined variable: vo F:\wwwroot\Runtime\Cache\Home\769e70f2e46f34ceb60619bbda5e4691.php 第 158 行.
NOTIC: [8] Undefined variable: vo F:\wwwroot\Runtime\Cache\Home\769e70f2e46f34ceb60619bbda5e4691.php 第 159 行.
NOTIC: [8] Undefined variable: vo F:\wwwroot\Runtime\Cache\Home\769e70f2e46f34ceb60619bbda5e4691.php 第 160 行.
NOTIC: [8] Undefined variable: vo F:\wwwroot\Runtime\Cache\Home\769e70f2e46f34ceb60619bbda5e4691.php 第 161 行.
NOTIC: [8] Undefined variable: vo F:\wwwroot\Runtime\Cache\Home\769e70f2e46f34ceb60619bbda5e4691.php 第 162 行.
NOTIC: [8] Undefined variable: vo F:\wwwroot\Runtime\Cache\Home\769e70f2e46f34ceb60619bbda5e4691.php 第 163 行.
NOTIC: [8] Undefined variable: vo F:\wwwroot\Runtime\Cache\Home\769e70f2e46f34ceb60619bbda5e4691.php 第 164 行.
NOTIC: [8] Undefined variable: vo F:\wwwroot\Runtime\Cache\Home\769e70f2e46f34ceb60619bbda5e4691.php 第 165 行.
NOTIC: [8] Undefined variable: vo F:\wwwroot\Runtime\Cache\Home\769e70f2e46f34ceb60619bbda5e4691.php 第 166 行.
NOTIC: [8] Undefined variable: vo F:\wwwroot\Runtime\Cache\Home\769e70f2e46f34ceb60619bbda5e4691.php 第 167 行.
INFO: Run Behavior\ParseTemplate [ RunTime:0.015892s ]
INFO: [ view_parse ] --END-- [ RunTime:0.006757s ]
INFO: [ view_filter ] --START--
INFO: Run Behavior\WriteHtmlCache [ RunTime:0.000030s ]
INFO: [ view_filter ] --END-- [ RunTime:-0.007811s ]
INFO: [ app_end ] --START--
INFO: Run Behavior\ShowPageTrace [ RunTime:0.001499s ]
INFO: [ app_end ] --END-- [ RunTime:0.001790s ]

[ 2015-09-24T11:44:30+08:00 ] ::1 /Home/Article/index/category/blog.html
SQL: SHOW COLUMNS FROM `le_category` [ RunTime:0.006573s ]
SQL: SELECT `id`,`name`,`title`,`pid`,`sort`,`list_row`,`meta_title`,`keywords`,`description`,`template_index`,`template_lists`,`template_detail`,`template_edit`,`model`,`type`,`link_id`,`allow_publish`,`display`,`reply`,`check`,`reply_model`,`extend`,`create_time`,`update_time`,`status`,`icon` FROM `le_category` WHERE ( `name` = 'blog' ) LIMIT 1   [ RunTime:0.000430s ]
INFO: [ view_parse ] --START--
INFO: [ template_filter ] --START--
INFO: Run Behavior\ContentReplace [ RunTime:0.000174s ]
INFO: [ template_filter ] --END-- [ RunTime:0.000466s ]
SQL: SHOW COLUMNS FROM `le_channel` [ RunTime:0.007133s ]
SQL: SELECT `id`,`pid`,`title`,`url`,`sort`,`create_time`,`update_time`,`status`,`target` FROM `le_channel` WHERE ( status=1 ) ORDER BY sort  [ RunTime:0.000400s ]
SQL: SELECT `id`,`name`,`title`,`pid`,`sort`,`list_row`,`meta_title`,`keywords`,`description`,`template_index`,`template_lists`,`template_detail`,`template_edit`,`model`,`type`,`link_id`,`allow_publish`,`display`,`reply`,`check`,`reply_model`,`extend`,`create_time`,`update_time`,`status`,`icon` FROM `le_category` WHERE ( `id` = 1 ) LIMIT 1   [ RunTime:0.000531s ]
SQL: SELECT `id`,`name`,`pid`,`title`,`link_id` FROM `le_category` WHERE ( `status` = 1 ) ORDER BY sort  [ RunTime:0.000414s ]
INFO: [ view_parse ] --START--
INFO: [ template_filter ] --START--
INFO: Run Behavior\ContentReplace [ RunTime:0.000085s ]
INFO: [ template_filter ] --END-- [ RunTime:-0.025054s ]
INFO: Run Behavior\ParseTemplate [ RunTime:0.006338s ]
INFO: [ view_parse ] --END-- [ RunTime:0.006599s ]
INFO: [ view_filter ] --START--
INFO: Run Behavior\WriteHtmlCache [ RunTime:0.000642s ]
INFO: [ view_filter ] --END-- [ RunTime:0.000884s ]
SQL: SELECT `id`,`name`,`title`,`pid`,`sort`,`list_row`,`meta_title`,`keywords`,`description`,`template_index`,`template_lists`,`template_detail`,`template_edit`,`model`,`type`,`link_id`,`allow_publish`,`display`,`reply`,`check`,`reply_model`,`extend`,`create_time`,`update_time`,`status`,`icon` FROM `le_category` WHERE ( `id` = 1 ) LIMIT 1   [ RunTime:0.000525s ]
SQL: SELECT `id`,`name`,`pid`,`title`,`link_id` FROM `le_category` WHERE ( `status` = 1 ) ORDER BY sort  [ RunTime:0.000370s ]
SQL: SHOW COLUMNS FROM `le_document` [ RunTime:0.006622s ]
SQL: SELECT `id`,`uid`,`name`,`title`,`category_id`,`description`,`root`,`pid`,`model_id`,`type`,`position`,`link_id`,`cover_id`,`display`,`deadline`,`attach`,`view`,`comment`,`extend`,`level`,`create_time`,`update_time`,`status` FROM `le_document` WHERE ( `status` = 1 ) AND ( `pid` = 0 ) AND ( `category_id` = 2 ) AND ( `create_time` < 1443066269 ) AND ( deadline = 0 OR deadline > 1443066269 ) ORDER BY `level` DESC,`id` DESC LIMIT 0,10   [ RunTime:0.000427s ]
INFO: Run Behavior\ParseTemplate [ RunTime:0.023473s ]
INFO: [ view_parse ] --END-- [ RunTime:0.006599s ]
INFO: [ view_filter ] --START--
INFO: Run Behavior\WriteHtmlCache [ RunTime:0.000050s ]
INFO: [ view_filter ] --END-- [ RunTime:-0.016171s ]
INFO: [ app_end ] --START--
INFO: Run Behavior\ShowPageTrace [ RunTime:0.000761s ]
INFO: [ app_end ] --END-- [ RunTime:0.000904s ]

[ 2015-09-24T11:45:00+08:00 ] ::1 /Home/Index/index.html
SQL: SHOW COLUMNS FROM `le_category` [ RunTime:0.006472s ]
SQL: SELECT `id`,`name`,`title`,`pid`,`sort`,`list_row`,`meta_title`,`keywords`,`description`,`template_index`,`template_lists`,`template_detail`,`template_edit`,`model`,`type`,`link_id`,`allow_publish`,`display`,`reply`,`check`,`reply_model`,`extend`,`create_time`,`update_time`,`status`,`icon` FROM `le_category` WHERE ( `status` = 1 ) ORDER BY sort  [ RunTime:0.000490s ]
SQL: SHOW COLUMNS FROM `le_document` [ RunTime:0.006558s ]
SQL: SELECT `id`,`uid`,`name`,`title`,`category_id`,`description`,`root`,`pid`,`model_id`,`type`,`position`,`link_id`,`cover_id`,`display`,`deadline`,`attach`,`view`,`comment`,`extend`,`level`,`create_time`,`update_time`,`status` FROM `le_document` WHERE ( `status` = 1 ) AND ( `pid` = 0 ) AND ( `create_time` < 1443066300 ) AND ( deadline = 0 OR deadline > 1443066300 ) ORDER BY `id` DESC  [ RunTime:0.000472s ]
INFO: [ view_parse ] --START--
INFO: [ template_filter ] --START--
INFO: Run Behavior\ContentReplace [ RunTime:0.000221s ]
INFO: [ template_filter ] --END-- [ RunTime:0.000396s ]
SQL: SHOW COLUMNS FROM `le_channel` [ RunTime:0.007532s ]
SQL: SELECT `id`,`pid`,`title`,`url`,`sort`,`create_time`,`update_time`,`status`,`target` FROM `le_channel` WHERE ( status=1 ) ORDER BY sort  [ RunTime:0.000474s ]
NOTIC: [8] Undefined index: id F:\wwwroot\Runtime\Cache\Home\769e70f2e46f34ceb60619bbda5e4691.php 第 111 行.
SQL: SELECT `id`,`name`,`pid`,`title`,`link_id` FROM `le_category` WHERE ( `status` = 1 ) ORDER BY sort  [ RunTime:0.000442s ]
NOTIC: [8] Undefined index: _ F:\wwwroot\Application\Home\Widget\CategoryWidget.class.php 第 25 行.
INFO: [ view_parse ] --START--
INFO: [ template_filter ] --START--
INFO: Run Behavior\ContentReplace [ RunTime:0.000075s ]
INFO: [ template_filter ] --END-- [ RunTime:-0.024174s ]
INFO: Run Behavior\ParseTemplate [ RunTime:0.005945s ]
INFO: [ view_parse ] --END-- [ RunTime:0.006140s ]
INFO: [ view_filter ] --START--
INFO: Run Behavior\WriteHtmlCache [ RunTime:0.000454s ]
INFO: [ view_filter ] --END-- [ RunTime:0.000632s ]
NOTIC: [8] Undefined variable: section1 F:\wwwroot\Runtime\Cache\Home\769e70f2e46f34ceb60619bbda5e4691.php 第 120 行.
NOTIC: [8] Undefined variable: vo F:\wwwroot\Runtime\Cache\Home\769e70f2e46f34ceb60619bbda5e4691.php 第 125 行.
NOTIC: [8] Undefined variable: vo F:\wwwroot\Runtime\Cache\Home\769e70f2e46f34ceb60619bbda5e4691.php 第 126 行.
NOTIC: [8] Undefined variable: vo F:\wwwroot\Runtime\Cache\Home\769e70f2e46f34ceb60619bbda5e4691.php 第 127 行.
NOTIC: [8] Undefined variable: vo F:\wwwroot\Runtime\Cache\Home\769e70f2e46f34ceb60619bbda5e4691.php 第 128 行.
NOTIC: [8] Undefined variable: vo F:\wwwroot\Runtime\Cache\Home\769e70f2e46f34ceb60619bbda5e4691.php 第 129 行.
NOTIC: [8] Undefined variable: vo F:\wwwroot\Runtime\Cache\Home\769e70f2e46f34ceb60619bbda5e4691.php 第 130 行.
NOTIC: [8] Undefined variable: vo F:\wwwroot\Runtime\Cache\Home\769e70f2e46f34ceb60619bbda5e4691.php 第 131 行.
NOTIC: [8] Undefined variable: vo F:\wwwroot\Runtime\Cache\Home\769e70f2e46f34ceb60619bbda5e4691.php 第 132 行.
NOTIC: [8] Undefined variable: vo F:\wwwroot\Runtime\Cache\Home\769e70f2e46f34ceb60619bbda5e4691.php 第 133 行.
NOTIC: [8] Undefined variable: vo F:\wwwroot\Runtime\Cache\Home\769e70f2e46f34ceb60619bbda5e4691.php 第 134 行.
NOTIC: [8] Undefined variable: vo F:\wwwroot\Runtime\Cache\Home\769e70f2e46f34ceb60619bbda5e4691.php 第 135 行.
NOTIC: [8] Undefined variable: vo F:\wwwroot\Runtime\Cache\Home\769e70f2e46f34ceb60619bbda5e4691.php 第 136 行.
NOTIC: [8] Undefined variable: vo F:\wwwroot\Runtime\Cache\Home\769e70f2e46f34ceb60619bbda5e4691.php 第 137 行.
NOTIC: [8] Undefined variable: vo F:\wwwroot\Runtime\Cache\Home\769e70f2e46f34ceb60619bbda5e4691.php 第 138 行.
NOTIC: [8] Undefined variable: vo F:\wwwroot\Runtime\Cache\Home\769e70f2e46f34ceb60619bbda5e4691.php 第 139 行.
NOTIC: [8] Undefined variable: section2 F:\wwwroot\Runtime\Cache\Home\769e70f2e46f34ceb60619bbda5e4691.php 第 148 行.
NOTIC: [8] Undefined variable: vo F:\wwwroot\Runtime\Cache\Home\769e70f2e46f34ceb60619bbda5e4691.php 第 153 行.
NOTIC: [8] Undefined variable: vo F:\wwwroot\Runtime\Cache\Home\769e70f2e46f34ceb60619bbda5e4691.php 第 154 行.
NOTIC: [8] Undefined variable: vo F:\wwwroot\Runtime\Cache\Home\769e70f2e46f34ceb60619bbda5e4691.php 第 155 行.
NOTIC: [8] Undefined variable: vo F:\wwwroot\Runtime\Cache\Home\769e70f2e46f34ceb60619bbda5e4691.php 第 156 行.
NOTIC: [8] Undefined variable: vo F:\wwwroot\Runtime\Cache\Home\769e70f2e46f34ceb60619bbda5e4691.php 第 157 行.
NOTIC: [8] Undefined variable: vo F:\wwwroot\Runtime\Cache\Home\769e70f2e46f34ceb60619bbda5e4691.php 第 158 行.
NOTIC: [8] Undefined variable: vo F:\wwwroot\Runtime\Cache\Home\769e70f2e46f34ceb60619bbda5e4691.php 第 159 行.
NOTIC: [8] Undefined variable: vo F:\wwwroot\Runtime\Cache\Home\769e70f2e46f34ceb60619bbda5e4691.php 第 160 行.
NOTIC: [8] Undefined variable: vo F:\wwwroot\Runtime\Cache\Home\769e70f2e46f34ceb60619bbda5e4691.php 第 161 行.
NOTIC: [8] Undefined variable: vo F:\wwwroot\Runtime\Cache\Home\769e70f2e46f34ceb60619bbda5e4691.php 第 162 行.
NOTIC: [8] Undefined variable: vo F:\wwwroot\Runtime\Cache\Home\769e70f2e46f34ceb60619bbda5e4691.php 第 163 行.
NOTIC: [8] Undefined variable: vo F:\wwwroot\Runtime\Cache\Home\769e70f2e46f34ceb60619bbda5e4691.php 第 164 行.
NOTIC: [8] Undefined variable: vo F:\wwwroot\Runtime\Cache\Home\769e70f2e46f34ceb60619bbda5e4691.php 第 165 行.
NOTIC: [8] Undefined variable: vo F:\wwwroot\Runtime\Cache\Home\769e70f2e46f34ceb60619bbda5e4691.php 第 166 行.
NOTIC: [8] Undefined variable: vo F:\wwwroot\Runtime\Cache\Home\769e70f2e46f34ceb60619bbda5e4691.php 第 167 行.
INFO: Run Behavior\ParseTemplate [ RunTime:0.014322s ]
INFO: [ view_parse ] --END-- [ RunTime:0.006140s ]
INFO: [ view_filter ] --START--
INFO: Run Behavior\WriteHtmlCache [ RunTime:0.000030s ]
INFO: [ view_filter ] --END-- [ RunTime:-0.007680s ]
INFO: [ app_end ] --START--
INFO: Run Behavior\ShowPageTrace [ RunTime:0.001195s ]
INFO: [ app_end ] --END-- [ RunTime:0.001380s ]

[ 2015-09-24T11:45:01+08:00 ] ::1 /Home/Article/index/category/blog.html
SQL: SHOW COLUMNS FROM `le_category` [ RunTime:0.007239s ]
SQL: SELECT `id`,`name`,`title`,`pid`,`sort`,`list_row`,`meta_title`,`keywords`,`description`,`template_index`,`template_lists`,`template_detail`,`template_edit`,`model`,`type`,`link_id`,`allow_publish`,`display`,`reply`,`check`,`reply_model`,`extend`,`create_time`,`update_time`,`status`,`icon` FROM `le_category` WHERE ( `name` = 'blog' ) LIMIT 1   [ RunTime:0.000451s ]
INFO: [ view_parse ] --START--
INFO: [ template_filter ] --START--
INFO: Run Behavior\ContentReplace [ RunTime:0.000143s ]
INFO: [ template_filter ] --END-- [ RunTime:0.000306s ]
SQL: SHOW COLUMNS FROM `le_channel` [ RunTime:0.006428s ]
SQL: SELECT `id`,`pid`,`title`,`url`,`sort`,`create_time`,`update_time`,`status`,`target` FROM `le_channel` WHERE ( status=1 ) ORDER BY sort  [ RunTime:0.000453s ]
SQL: SELECT `id`,`name`,`title`,`pid`,`sort`,`list_row`,`meta_title`,`keywords`,`description`,`template_index`,`template_lists`,`template_detail`,`template_edit`,`model`,`type`,`link_id`,`allow_publish`,`display`,`reply`,`check`,`reply_model`,`extend`,`create_time`,`update_time`,`status`,`icon` FROM `le_category` WHERE ( `id` = 1 ) LIMIT 1   [ RunTime:0.000456s ]
SQL: SELECT `id`,`name`,`pid`,`title`,`link_id` FROM `le_category` WHERE ( `status` = 1 ) ORDER BY sort  [ RunTime:0.000361s ]
INFO: [ view_parse ] --START--
INFO: [ template_filter ] --START--
INFO: Run Behavior\ContentReplace [ RunTime:0.000075s ]
INFO: [ template_filter ] --END-- [ RunTime:-0.022241s ]
INFO: Run Behavior\ParseTemplate [ RunTime:0.006400s ]
INFO: [ view_parse ] --END-- [ RunTime:0.006592s ]
INFO: [ view_filter ] --START--
INFO: Run Behavior\WriteHtmlCache [ RunTime:0.000491s ]
INFO: [ view_filter ] --END-- [ RunTime:0.000678s ]
SQL: SELECT `id`,`name`,`title`,`pid`,`sort`,`list_row`,`meta_title`,`keywords`,`description`,`template_index`,`template_lists`,`template_detail`,`template_edit`,`model`,`type`,`link_id`,`allow_publish`,`display`,`reply`,`check`,`reply_model`,`extend`,`create_time`,`update_time`,`status`,`icon` FROM `le_category` WHERE ( `id` = 1 ) LIMIT 1   [ RunTime:0.000540s ]
SQL: SELECT `id`,`name`,`pid`,`title`,`link_id` FROM `le_category` WHERE ( `status` = 1 ) ORDER BY sort  [ RunTime:0.000615s ]
SQL: SHOW COLUMNS FROM `le_document` [ RunTime:0.007431s ]
SQL: SELECT `id`,`uid`,`name`,`title`,`category_id`,`description`,`root`,`pid`,`model_id`,`type`,`position`,`link_id`,`cover_id`,`display`,`deadline`,`attach`,`view`,`comment`,`extend`,`level`,`create_time`,`update_time`,`status` FROM `le_document` WHERE ( `status` = 1 ) AND ( `pid` = 0 ) AND ( `category_id` = 2 ) AND ( `create_time` < 1443066301 ) AND ( deadline = 0 OR deadline > 1443066301 ) ORDER BY `level` DESC,`id` DESC LIMIT 0,10   [ RunTime:0.000448s ]
INFO: Run Behavior\ParseTemplate [ RunTime:0.023315s ]
INFO: [ view_parse ] --END-- [ RunTime:0.006592s ]
INFO: [ view_filter ] --START--
INFO: Run Behavior\WriteHtmlCache [ RunTime:0.000032s ]
INFO: [ view_filter ] --END-- [ RunTime:-0.016186s ]
INFO: [ app_end ] --START--
INFO: Run Behavior\ShowPageTrace [ RunTime:0.000752s ]
INFO: [ app_end ] --END-- [ RunTime:0.000893s ]

