[ 2015-09-22T09:03:02+08:00 ] ::1 /
ERR: Think\Model:list方法不存在！

[ 2015-09-22T14:28:18+08:00 ] ::1 /index.php?s=/home/index/index.html
ERR: 1146:La table 'lexue.le_vedio' n'existe pas
 [ SQL语句 ] : SHOW COLUMNS FROM `le_vedio`
ERR: 1146:La table 'lexue.le_vedio' n'existe pas
 [ SQL语句 ] : SELECT * FROM `le_vedio` LIMIT 4  

[ 2015-09-22T14:29:47+08:00 ] ::1 /index.php?s=/home/index/index.html
ERR: 1146:La table 'lexue.le_vedio' n'existe pas
 [ SQL语句 ] : SHOW COLUMNS FROM `le_vedio`
ERR: 1146:La table 'lexue.le_vedio' n'existe pas
 [ SQL语句 ] : SELECT * FROM `le_vedio` LIMIT 4  

[ 2015-09-22T14:31:06+08:00 ] ::1 /index.php?s=/home/index/index.html
ERR: 1146:La table 'lexue.le_vedio' n'existe pas
 [ SQL语句 ] : SHOW COLUMNS FROM `le_vedio`
ERR: 1146:La table 'lexue.le_vedio' n'existe pas
 [ SQL语句 ] : SELECT * FROM `le_vedio` LIMIT 4  

[ 2015-09-22T14:31:58+08:00 ] ::1 /index.php?s=/home/index/index.html
ERR: 1146:La table 'lexue.le_vedio' n'existe pas
 [ SQL语句 ] : SHOW COLUMNS FROM `le_vedio`
ERR: 1146:La table 'lexue.le_vedio' n'existe pas
 [ SQL语句 ] : SELECT * FROM `le_vedio` LIMIT 4  

[ 2015-09-22T14:33:05+08:00 ] ::1 /index.php?s=/home/index/index.html
ERR: 1146:La table 'lexue.le_vedio' n'existe pas
 [ SQL语句 ] : SHOW COLUMNS FROM `le_vedio`
ERR: 1146:La table 'lexue.le_vedio' n'existe pas
 [ SQL语句 ] : SELECT * FROM `le_vedio` LIMIT 4  

[ 2015-09-22T14:34:45+08:00 ] ::1 /index.php?s=/home/index/index.html
ERR: 1146:La table 'lexue.le_vedio' n'existe pas
 [ SQL语句 ] : SHOW COLUMNS FROM `le_vedio`
ERR: 1146:La table 'lexue.le_vedio' n'existe pas
 [ SQL语句 ] : SELECT * FROM `le_vedio` LIMIT 4  

[ 2015-09-22T14:35:23+08:00 ] ::1 /index.php
ERR: 1146:La table 'lexue.le_vedio' n'existe pas
 [ SQL语句 ] : SHOW COLUMNS FROM `le_vedio`
ERR: 1146:La table 'lexue.le_vedio' n'existe pas
 [ SQL语句 ] : SELECT * FROM `le_vedio` LIMIT 4  

[ 2015-09-22T14:35:27+08:00 ] ::1 /index.php?s=/home/index/index.html
ERR: 1146:La table 'lexue.le_vedio' n'existe pas
 [ SQL语句 ] : SHOW COLUMNS FROM `le_vedio`
ERR: 1146:La table 'lexue.le_vedio' n'existe pas
 [ SQL语句 ] : SELECT * FROM `le_vedio` LIMIT 4  

[ 2015-09-22T14:39:05+08:00 ] ::1 /index.php?s=/home/index/index.html
ERR: 1146:La table 'lexue.le_vedio' n'existe pas
 [ SQL语句 ] : SHOW COLUMNS FROM `le_vedio`
ERR: 1146:La table 'lexue.le_vedio' n'existe pas
 [ SQL语句 ] : SELECT * FROM `le_vedio` LIMIT 4  

[ 2015-09-22T14:39:32+08:00 ] ::1 /index.php?s=/home/index/index.html
ERR: 1146:La table 'lexue.le_vedio' n'existe pas
 [ SQL语句 ] : SHOW COLUMNS FROM `le_vedio`
ERR: 1146:La table 'lexue.le_vedio' n'existe pas
 [ SQL语句 ] : SELECT * FROM `le_vedio` LIMIT 4  

[ 2015-09-22T14:41:39+08:00 ] ::1 /index.php?s=/home/index/index.html
ERR: 1146:La table 'lexue.le_vedio' n'existe pas
 [ SQL语句 ] : SHOW COLUMNS FROM `le_vedio`
ERR: 1146:La table 'lexue.le_vedio' n'existe pas
 [ SQL语句 ] : SELECT * FROM `le_vedio` LIMIT 4  

[ 2015-09-22T14:42:00+08:00 ] ::1 /index.php?s=/home/index/index.html
ERR: 1146:La table 'lexue.le_vedio' n'existe pas
 [ SQL语句 ] : SHOW COLUMNS FROM `le_vedio`
ERR: 1146:La table 'lexue.le_vedio' n'existe pas
 [ SQL语句 ] : SELECT * FROM `le_vedio` LIMIT 4  

[ 2015-09-22T14:42:21+08:00 ] ::1 /index.php?s=/home/index/index.html
ERR: 1146:La table 'lexue.le_vedio' n'existe pas
 [ SQL语句 ] : SHOW COLUMNS FROM `le_vedio`
ERR: 1146:La table 'lexue.le_vedio' n'existe pas
 [ SQL语句 ] : SELECT * FROM `le_vedio` LIMIT 4  

[ 2015-09-22T14:42:42+08:00 ] ::1 /index.php?s=/home/index/index.html
ERR: 1146:La table 'lexue.le_vedio' n'existe pas
 [ SQL语句 ] : SHOW COLUMNS FROM `le_vedio`
ERR: 1146:La table 'lexue.le_vedio' n'existe pas
 [ SQL语句 ] : SELECT * FROM `le_vedio` LIMIT 4  

[ 2015-09-22T14:42:58+08:00 ] ::1 /index.php?s=/home/index/index.html
ERR: 1146:La table 'lexue.le_vedio' n'existe pas
 [ SQL语句 ] : SHOW COLUMNS FROM `le_vedio`
ERR: 1146:La table 'lexue.le_vedio' n'existe pas
 [ SQL语句 ] : SELECT * FROM `le_vedio` LIMIT 4  

[ 2015-09-22T14:43:15+08:00 ] ::1 /index.php?s=/home/index/index.html
ERR: 1146:La table 'lexue.le_vedio' n'existe pas
 [ SQL语句 ] : SHOW COLUMNS FROM `le_vedio`
ERR: 1146:La table 'lexue.le_vedio' n'existe pas
 [ SQL语句 ] : SELECT * FROM `le_vedio` LIMIT 4  

[ 2015-09-22T14:43:43+08:00 ] ::1 /index.php?s=/home/index/index.html
ERR: 1146:La table 'lexue.le_vedio' n'existe pas
 [ SQL语句 ] : SHOW COLUMNS FROM `le_vedio`
ERR: 1146:La table 'lexue.le_vedio' n'existe pas
 [ SQL语句 ] : SELECT * FROM `le_vedio` LIMIT 4  

[ 2015-09-22T14:44:15+08:00 ] ::1 /index.php?s=/home/index/index.html
ERR: 1146:La table 'lexue.le_vedio' n'existe pas
 [ SQL语句 ] : SHOW COLUMNS FROM `le_vedio`
ERR: 1146:La table 'lexue.le_vedio' n'existe pas
 [ SQL语句 ] : SELECT * FROM `le_vedio` LIMIT 4  

[ 2015-09-22T14:44:37+08:00 ] ::1 /index.php?s=/home/index/index.html
ERR: 1146:La table 'lexue.le_vedio' n'existe pas
 [ SQL语句 ] : SHOW COLUMNS FROM `le_vedio`
ERR: 1146:La table 'lexue.le_vedio' n'existe pas
 [ SQL语句 ] : SELECT * FROM `le_vedio` LIMIT 4  

[ 2015-09-22T14:46:49+08:00 ] ::1 /index.php?s=/home/index/index.html
ERR: 1146:La table 'lexue.le_vedio' n'existe pas
 [ SQL语句 ] : SHOW COLUMNS FROM `le_vedio`
ERR: 1146:La table 'lexue.le_vedio' n'existe pas
 [ SQL语句 ] : SELECT * FROM `le_vedio` LIMIT 4  

[ 2015-09-22T14:48:06+08:00 ] ::1 /index.php?s=/home/index/index.html
ERR: 1146:La table 'lexue.le_vedio' n'existe pas
 [ SQL语句 ] : SHOW COLUMNS FROM `le_vedio`
ERR: 1146:La table 'lexue.le_vedio' n'existe pas
 [ SQL语句 ] : SELECT * FROM `le_vedio` LIMIT 4  

[ 2015-09-22T14:48:28+08:00 ] ::1 /index.php?s=/home/index/index.html
ERR: 1146:La table 'lexue.le_vedio' n'existe pas
 [ SQL语句 ] : SHOW COLUMNS FROM `le_vedio`
ERR: 1146:La table 'lexue.le_vedio' n'existe pas
 [ SQL语句 ] : SELECT * FROM `le_vedio` LIMIT 4  

[ 2015-09-22T14:48:39+08:00 ] ::1 /index.php?s=/home/index/index.html
ERR: 1146:La table 'lexue.le_vedio' n'existe pas
 [ SQL语句 ] : SHOW COLUMNS FROM `le_vedio`
ERR: 1146:La table 'lexue.le_vedio' n'existe pas
 [ SQL语句 ] : SELECT * FROM `le_vedio` LIMIT 4  

[ 2015-09-22T14:48:45+08:00 ] ::1 /index.php?s=/home/index/index.html
ERR: 1146:La table 'lexue.le_vedio' n'existe pas
 [ SQL语句 ] : SHOW COLUMNS FROM `le_vedio`
ERR: 1146:La table 'lexue.le_vedio' n'existe pas
 [ SQL语句 ] : SELECT * FROM `le_vedio` LIMIT 4  

[ 2015-09-22T14:49:05+08:00 ] ::1 /index.php?s=/home/index/index.html
ERR: 1146:La table 'lexue.le_vedio' n'existe pas
 [ SQL语句 ] : SHOW COLUMNS FROM `le_vedio`
ERR: 1146:La table 'lexue.le_vedio' n'existe pas
 [ SQL语句 ] : SELECT * FROM `le_vedio` LIMIT 4  

[ 2015-09-22T14:49:13+08:00 ] ::1 /index.php?s=/home/index/index.html
ERR: 1146:La table 'lexue.le_vedio' n'existe pas
 [ SQL语句 ] : SHOW COLUMNS FROM `le_vedio`
ERR: 1146:La table 'lexue.le_vedio' n'existe pas
 [ SQL语句 ] : SELECT * FROM `le_vedio` LIMIT 4  

[ 2015-09-22T14:49:26+08:00 ] ::1 /index.php?s=/home/index/index.html
ERR: 1146:La table 'lexue.le_vedio' n'existe pas
 [ SQL语句 ] : SHOW COLUMNS FROM `le_vedio`
ERR: 1146:La table 'lexue.le_vedio' n'existe pas
 [ SQL语句 ] : SELECT * FROM `le_vedio` LIMIT 4  

[ 2015-09-22T14:50:52+08:00 ] ::1 /index.php?s=/home/index/index.html
ERR: 1146:La table 'lexue.le_vedio' n'existe pas
 [ SQL语句 ] : SHOW COLUMNS FROM `le_vedio`
ERR: 1146:La table 'lexue.le_vedio' n'existe pas
 [ SQL语句 ] : SELECT * FROM `le_vedio` LIMIT 4  

[ 2015-09-22T14:51:03+08:00 ] ::1 /index.php?s=/home/index/index.html
ERR: 1146:La table 'lexue.le_vedio' n'existe pas
 [ SQL语句 ] : SHOW COLUMNS FROM `le_vedio`
ERR: 1146:La table 'lexue.le_vedio' n'existe pas
 [ SQL语句 ] : SELECT * FROM `le_vedio` LIMIT 4  

[ 2015-09-22T14:51:47+08:00 ] ::1 /index.php?s=/home/index/index.html
ERR: 1146:La table 'lexue.le_vedio' n'existe pas
 [ SQL语句 ] : SHOW COLUMNS FROM `le_vedio`
ERR: 1146:La table 'lexue.le_vedio' n'existe pas
 [ SQL语句 ] : SELECT * FROM `le_vedio` LIMIT 4  

[ 2015-09-22T14:53:02+08:00 ] ::1 /index.php?s=/home/index/index.html
ERR: 1146:La table 'lexue.le_vedio' n'existe pas
 [ SQL语句 ] : SHOW COLUMNS FROM `le_vedio`
ERR: 1146:La table 'lexue.le_vedio' n'existe pas
 [ SQL语句 ] : SELECT * FROM `le_vedio` LIMIT 4  

[ 2015-09-22T14:53:02+08:00 ] ::1 /index.php?s=/home/index/index.html
ERR: 1146:La table 'lexue.le_vedio' n'existe pas
 [ SQL语句 ] : SHOW COLUMNS FROM `le_vedio`
ERR: 1146:La table 'lexue.le_vedio' n'existe pas
 [ SQL语句 ] : SELECT * FROM `le_vedio` LIMIT 4  

[ 2015-09-22T14:53:03+08:00 ] ::1 /index.php?s=/home/index/index.html
ERR: 1146:La table 'lexue.le_vedio' n'existe pas
 [ SQL语句 ] : SHOW COLUMNS FROM `le_vedio`
ERR: 1146:La table 'lexue.le_vedio' n'existe pas
 [ SQL语句 ] : SELECT * FROM `le_vedio` LIMIT 4  

[ 2015-09-22T14:53:04+08:00 ] ::1 /index.php?s=/home/index/index.html
ERR: 1146:La table 'lexue.le_vedio' n'existe pas
 [ SQL语句 ] : SHOW COLUMNS FROM `le_vedio`
ERR: 1146:La table 'lexue.le_vedio' n'existe pas
 [ SQL语句 ] : SELECT * FROM `le_vedio` LIMIT 4  

[ 2015-09-22T14:53:04+08:00 ] ::1 /index.php?s=/home/index/index.html
ERR: 1146:La table 'lexue.le_vedio' n'existe pas
 [ SQL语句 ] : SHOW COLUMNS FROM `le_vedio`
ERR: 1146:La table 'lexue.le_vedio' n'existe pas
 [ SQL语句 ] : SELECT * FROM `le_vedio` LIMIT 4  

[ 2015-09-22T14:53:06+08:00 ] ::1 /index.php?s=/home/index/index.html
ERR: 1146:La table 'lexue.le_vedio' n'existe pas
 [ SQL语句 ] : SHOW COLUMNS FROM `le_vedio`
ERR: 1146:La table 'lexue.le_vedio' n'existe pas
 [ SQL语句 ] : SELECT * FROM `le_vedio` LIMIT 4  

[ 2015-09-22T14:54:17+08:00 ] ::1 /index.php?s=/home/index/index.html
ERR: 1146:La table 'lexue.le_vedio' n'existe pas
 [ SQL语句 ] : SHOW COLUMNS FROM `le_vedio`
ERR: 1146:La table 'lexue.le_vedio' n'existe pas
 [ SQL语句 ] : SELECT * FROM `le_vedio` LIMIT 4  

[ 2015-09-22T14:54:24+08:00 ] ::1 /index.php?s=/home/index/index.html
ERR: 1146:La table 'lexue.le_vedio' n'existe pas
 [ SQL语句 ] : SHOW COLUMNS FROM `le_vedio`
ERR: 1146:La table 'lexue.le_vedio' n'existe pas
 [ SQL语句 ] : SELECT * FROM `le_vedio` LIMIT 4  

[ 2015-09-22T17:33:39+08:00 ] ::1 /index.php?s=/home/index/index.html
ERR: 1146:La table 'lexue.le_video' n'existe pas
 [ SQL语句 ] : SHOW COLUMNS FROM `le_video`
ERR: 1146:La table 'lexue.le_video' n'existe pas
 [ SQL语句 ] : SELECT * FROM `le_video` LIMIT 4  

[ 2015-09-22T17:38:01+08:00 ] ::1 /index.php?s=/home/index/index.html
ERR: 1146:La table 'lexue.le_video' n'existe pas
 [ SQL语句 ] : SHOW COLUMNS FROM `le_video`
ERR: 1146:La table 'lexue.le_video' n'existe pas
 [ SQL语句 ] : SELECT * FROM `le_video` LIMIT 4  

[ 2015-09-22T17:38:15+08:00 ] ::1 /index.php?s=/home/index/index.html
ERR: 1146:La table 'lexue.le_video' n'existe pas
 [ SQL语句 ] : SHOW COLUMNS FROM `le_video`
ERR: 1146:La table 'lexue.le_video' n'existe pas
 [ SQL语句 ] : SELECT * FROM `le_video` LIMIT 4  

[ 2015-09-22T17:41:55+08:00 ] ::1 /index.php?s=/home/index/index.html
ERR: 1146:La table 'lexue.le_video' n'existe pas
 [ SQL语句 ] : SHOW COLUMNS FROM `le_video`
ERR: 1146:La table 'lexue.le_video' n'existe pas
 [ SQL语句 ] : SELECT * FROM `le_video` LIMIT 4  

[ 2015-09-22T17:43:25+08:00 ] ::1 /index.php?s=/home/index/index.html
ERR: 1146:La table 'lexue.le_video' n'existe pas
 [ SQL语句 ] : SHOW COLUMNS FROM `le_video`
ERR: 1146:La table 'lexue.le_video' n'existe pas
 [ SQL语句 ] : SELECT * FROM `le_video` LIMIT 4  

[ 2015-09-22T17:44:18+08:00 ] ::1 /index.php?s=/home/index/index.html
ERR: 1146:La table 'lexue.le_video' n'existe pas
 [ SQL语句 ] : SHOW COLUMNS FROM `le_video`
ERR: 1146:La table 'lexue.le_video' n'existe pas
 [ SQL语句 ] : SELECT * FROM `le_video` LIMIT 4  

[ 2015-09-22T17:49:30+08:00 ] ::1 /index.php?s=/home/index/index.html
ERR: 1146:La table 'lexue.le_video' n'existe pas
 [ SQL语句 ] : SHOW COLUMNS FROM `le_video`
ERR: 1146:La table 'lexue.le_video' n'existe pas
 [ SQL语句 ] : SELECT * FROM `le_video` LIMIT 4  

[ 2015-09-22T17:49:50+08:00 ] ::1 /index.php?s=/home/index/index.html
ERR: 1146:La table 'lexue.le_video' n'existe pas
 [ SQL语句 ] : SHOW COLUMNS FROM `le_video`
ERR: 1146:La table 'lexue.le_video' n'existe pas
 [ SQL语句 ] : SELECT * FROM `le_video` LIMIT 4  

[ 2015-09-22T17:50:14+08:00 ] ::1 /index.php?s=/home/index/index.html
ERR: 1146:La table 'lexue.le_video' n'existe pas
 [ SQL语句 ] : SHOW COLUMNS FROM `le_video`
ERR: 1146:La table 'lexue.le_video' n'existe pas
 [ SQL语句 ] : SELECT * FROM `le_video` LIMIT 4  

[ 2015-09-22T17:50:28+08:00 ] ::1 /index.php?s=/home/index/index.html
ERR: 1146:La table 'lexue.le_video' n'existe pas
 [ SQL语句 ] : SHOW COLUMNS FROM `le_video`
ERR: 1146:La table 'lexue.le_video' n'existe pas
 [ SQL语句 ] : SELECT * FROM `le_video` LIMIT 4  

[ 2015-09-22T17:50:34+08:00 ] ::1 /index.php?s=/home/index/index.html
ERR: 1146:La table 'lexue.le_video' n'existe pas
 [ SQL语句 ] : SHOW COLUMNS FROM `le_video`
ERR: 1146:La table 'lexue.le_video' n'existe pas
 [ SQL语句 ] : SELECT * FROM `le_video` LIMIT 4  

[ 2015-09-22T17:51:18+08:00 ] ::1 /index.php?s=/home/index/index.html
ERR: 1146:La table 'lexue.le_video' n'existe pas
 [ SQL语句 ] : SHOW COLUMNS FROM `le_video`
ERR: 1146:La table 'lexue.le_video' n'existe pas
 [ SQL语句 ] : SELECT * FROM `le_video` LIMIT 4  

[ 2015-09-22T17:52:33+08:00 ] ::1 /index.php?s=/home/index/index.html
ERR: 1146:La table 'lexue.le_video' n'existe pas
 [ SQL语句 ] : SHOW COLUMNS FROM `le_video`
ERR: 1146:La table 'lexue.le_video' n'existe pas
 [ SQL语句 ] : SELECT * FROM `le_video` LIMIT 4  

[ 2015-09-22T17:52:51+08:00 ] ::1 /index.php?s=/home/index/index.html
ERR: 1146:La table 'lexue.le_video' n'existe pas
 [ SQL语句 ] : SHOW COLUMNS FROM `le_video`
ERR: 1146:La table 'lexue.le_video' n'existe pas
 [ SQL语句 ] : SELECT * FROM `le_video` LIMIT 4  

[ 2015-09-22T17:52:52+08:00 ] ::1 /index.php?s=/home/index/index.html
ERR: 1146:La table 'lexue.le_video' n'existe pas
 [ SQL语句 ] : SHOW COLUMNS FROM `le_video`
ERR: 1146:La table 'lexue.le_video' n'existe pas
 [ SQL语句 ] : SELECT * FROM `le_video` LIMIT 4  

[ 2015-09-22T17:53:14+08:00 ] ::1 /index.php?s=/home/index/index.html
ERR: 1146:La table 'lexue.le_video' n'existe pas
 [ SQL语句 ] : SHOW COLUMNS FROM `le_video`
ERR: 1146:La table 'lexue.le_video' n'existe pas
 [ SQL语句 ] : SELECT * FROM `le_video` LIMIT 4  

[ 2015-09-22T17:53:33+08:00 ] ::1 /index.php?s=/home/index/index.html
ERR: 1146:La table 'lexue.le_video' n'existe pas
 [ SQL语句 ] : SHOW COLUMNS FROM `le_video`
ERR: 1146:La table 'lexue.le_video' n'existe pas
 [ SQL语句 ] : SELECT * FROM `le_video` LIMIT 4  

[ 2015-09-22T17:54:29+08:00 ] ::1 /index.php?s=/home/index/index.html
ERR: 1146:La table 'lexue.le_video' n'existe pas
 [ SQL语句 ] : SHOW COLUMNS FROM `le_video`
ERR: 1146:La table 'lexue.le_video' n'existe pas
 [ SQL语句 ] : SELECT * FROM `le_video` LIMIT 4  

[ 2015-09-22T17:56:10+08:00 ] ::1 /
ERR: 1146:La table 'lexue.le_video' n'existe pas
 [ SQL语句 ] : SHOW COLUMNS FROM `le_video`
ERR: 1146:La table 'lexue.le_video' n'existe pas
 [ SQL语句 ] : SELECT * FROM `le_video` LIMIT 4  

[ 2015-09-22T17:56:33+08:00 ] ::1 /
ERR: 1146:La table 'lexue.le_video' n'existe pas
 [ SQL语句 ] : SHOW COLUMNS FROM `le_video`
ERR: 1146:La table 'lexue.le_video' n'existe pas
 [ SQL语句 ] : SELECT * FROM `le_video` LIMIT 4  

