[ 2015-09-21T15:24:06+08:00 ] ::1 /
ERR: Accès refusé pour l'utilisateur: 'root'@'@localhost' (mot de passe: OUI)

[ 2015-09-21T15:24:09+08:00 ] ::1 /index.php?s=/home/index/index.html
ERR: Accès refusé pour l'utilisateur: 'root'@'@localhost' (mot de passe: OUI)

[ 2015-09-21T15:24:10+08:00 ] ::1 /index.php?s=/home/article/index/category/blog.html
ERR: Accès refusé pour l'utilisateur: 'root'@'@localhost' (mot de passe: OUI)

[ 2015-09-21T15:24:11+08:00 ] ::1 /index.php?s=/home/article/detail/id/1.html
ERR: Accès refusé pour l'utilisateur: 'root'@'@localhost' (mot de passe: OUI)

[ 2015-09-21T15:24:14+08:00 ] ::1 /index.php?s=/home/article/detail/id/1.html
ERR: Accès refusé pour l'utilisateur: 'root'@'@localhost' (mot de passe: OUI)

[ 2015-09-21T15:24:35+08:00 ] ::1 /index.php?s=/home/article/index/category/blog.html
ERR: Accès refusé pour l'utilisateur: 'root'@'@localhost' (mot de passe: OUI)

[ 2015-09-21T15:24:37+08:00 ] ::1 /index.php?s=/home/article/index/category/blog.html
ERR: Accès refusé pour l'utilisateur: 'root'@'@localhost' (mot de passe: OUI)

[ 2015-09-21T15:25:14+08:00 ] ::1 /index.php?s=/admin/public/login.html
ERR: Accès refusé pour l'utilisateur: 'root'@'@localhost' (mot de passe: OUI)

[ 2015-09-21T15:25:26+08:00 ] ::1 /index.php?s=/admin/public/login.html
ERR: Accès refusé pour l'utilisateur: 'root'@'@localhost' (mot de passe: OUI)

[ 2015-09-21T17:49:16+08:00 ] ::1 /index.php?s=/home/index/index.html
ERR: Think\Model:listæ–¹æ³•ä¸å­˜åœ¨ï¼

[ 2015-09-21T17:49:48+08:00 ] ::1 /index.php?s=/home/index/index.html
ERR: Think\Model:listæ–¹æ³•ä¸å­˜åœ¨ï¼

[ 2015-09-21T17:49:49+08:00 ] ::1 /index.php?s=/home/index/index.html
ERR: Think\Model:listæ–¹æ³•ä¸å­˜åœ¨ï¼

[ 2015-09-21T17:49:50+08:00 ] ::1 /index.php?s=/home/index/index.html
ERR: Think\Model:listæ–¹æ³•ä¸å­˜åœ¨ï¼

[ 2015-09-21T17:49:50+08:00 ] ::1 /index.php?s=/home/index/index.html
ERR: Think\Model:listæ–¹æ³•ä¸å­˜åœ¨ï¼

