[ 2015-09-29T10:39:42+08:00 ] ::1 /
SQL: SHOW COLUMNS FROM `le_category` [ RunTime:0.038607s ]
SQL: SELECT `id`,`name`,`title`,`pid`,`sort`,`list_row`,`meta_title`,`keywords`,`description`,`template_index`,`template_lists`,`template_detail`,`template_edit`,`model`,`type`,`link_id`,`allow_publish`,`display`,`reply`,`check`,`reply_model`,`extend`,`create_time`,`update_time`,`status`,`icon` FROM `le_category` WHERE ( `status` = 1 ) ORDER BY sort  [ RunTime:0.001342s ]
SQL: SHOW COLUMNS FROM `le_document` [ RunTime:0.053153s ]
SQL: SELECT `id`,`uid`,`name`,`title`,`category_id`,`description`,`root`,`pid`,`model_id`,`type`,`position`,`link_id`,`cover_id`,`display`,`deadline`,`attach`,`view`,`comment`,`extend`,`level`,`create_time`,`update_time`,`status` FROM `le_document` WHERE ( `status` = 1 ) AND ( `pid` = 0 ) AND ( `create_time` < 1443494380 ) AND ( deadline = 0 OR deadline > 1443494380 ) ORDER BY `id` DESC  [ RunTime:0.000790s ]
INFO: [ view_parse ] --START--
INFO: [ template_filter ] --START--
INFO: Run Behavior\ContentReplace [ RunTime:0.000642s ]
INFO: [ template_filter ] --END-- [ RunTime:0.001230s ]
SQL: SHOW COLUMNS FROM `le_channel` [ RunTime:0.038147s ]
SQL: SELECT `id`,`pid`,`title`,`url`,`sort`,`create_time`,`update_time`,`status`,`target` FROM `le_channel` WHERE ( status=1 ) ORDER BY sort  [ RunTime:0.000747s ]
NOTIC: [8] Undefined index: id F:\wwwroot\Runtime\Cache\Home\769e70f2e46f34ceb60619bbda5e4691.php 第 111 行.
SQL: SELECT `id`,`name`,`pid`,`title`,`link_id` FROM `le_category` WHERE ( `status` = 1 ) ORDER BY sort  [ RunTime:0.000581s ]
NOTIC: [8] Undefined index: _ F:\wwwroot\Application\Home\Widget\CategoryWidget.class.php 第 25 行.
INFO: [ view_parse ] --START--
INFO: [ template_filter ] --START--
INFO: Run Behavior\ContentReplace [ RunTime:0.000144s ]
INFO: [ template_filter ] --END-- [ RunTime:-0.077123s ]
INFO: Run Behavior\ParseTemplate [ RunTime:0.011845s ]
INFO: [ view_parse ] --END-- [ RunTime:0.012145s ]
INFO: [ view_filter ] --START--
INFO: Run Behavior\WriteHtmlCache [ RunTime:0.026645s ]
INFO: [ view_filter ] --END-- [ RunTime:0.026978s ]
NOTIC: [8] Undefined variable: section1 F:\wwwroot\Runtime\Cache\Home\769e70f2e46f34ceb60619bbda5e4691.php 第 120 行.
NOTIC: [8] Undefined variable: vo F:\wwwroot\Runtime\Cache\Home\769e70f2e46f34ceb60619bbda5e4691.php 第 125 行.
NOTIC: [8] Undefined variable: section2 F:\wwwroot\Runtime\Cache\Home\769e70f2e46f34ceb60619bbda5e4691.php 第 136 行.
NOTIC: [8] Undefined variable: vo F:\wwwroot\Runtime\Cache\Home\769e70f2e46f34ceb60619bbda5e4691.php 第 141 行.
NOTIC: [8] Undefined variable: vo F:\wwwroot\Runtime\Cache\Home\769e70f2e46f34ceb60619bbda5e4691.php 第 142 行.
NOTIC: [8] Undefined variable: vo F:\wwwroot\Runtime\Cache\Home\769e70f2e46f34ceb60619bbda5e4691.php 第 143 行.
NOTIC: [8] Undefined variable: vo F:\wwwroot\Runtime\Cache\Home\769e70f2e46f34ceb60619bbda5e4691.php 第 144 行.
NOTIC: [8] Undefined variable: vo F:\wwwroot\Runtime\Cache\Home\769e70f2e46f34ceb60619bbda5e4691.php 第 145 行.
NOTIC: [8] Undefined variable: vo F:\wwwroot\Runtime\Cache\Home\769e70f2e46f34ceb60619bbda5e4691.php 第 146 行.
NOTIC: [8] Undefined variable: vo F:\wwwroot\Runtime\Cache\Home\769e70f2e46f34ceb60619bbda5e4691.php 第 147 行.
NOTIC: [8] Undefined variable: vo F:\wwwroot\Runtime\Cache\Home\769e70f2e46f34ceb60619bbda5e4691.php 第 148 行.
NOTIC: [8] Undefined variable: vo F:\wwwroot\Runtime\Cache\Home\769e70f2e46f34ceb60619bbda5e4691.php 第 149 行.
NOTIC: [8] Undefined variable: vo F:\wwwroot\Runtime\Cache\Home\769e70f2e46f34ceb60619bbda5e4691.php 第 150 行.
NOTIC: [8] Undefined variable: vo F:\wwwroot\Runtime\Cache\Home\769e70f2e46f34ceb60619bbda5e4691.php 第 151 行.
NOTIC: [8] Undefined variable: vo F:\wwwroot\Runtime\Cache\Home\769e70f2e46f34ceb60619bbda5e4691.php 第 152 行.
NOTIC: [8] Undefined variable: vo F:\wwwroot\Runtime\Cache\Home\769e70f2e46f34ceb60619bbda5e4691.php 第 153 行.
NOTIC: [8] Undefined variable: vo F:\wwwroot\Runtime\Cache\Home\769e70f2e46f34ceb60619bbda5e4691.php 第 154 行.
NOTIC: [8] Undefined variable: vo F:\wwwroot\Runtime\Cache\Home\769e70f2e46f34ceb60619bbda5e4691.php 第 155 行.
NOTIC: [8] Undefined variable: vo F:\wwwroot\Runtime\Cache\Home\769e70f2e46f34ceb60619bbda5e4691.php 第 191 行.
NOTIC: [8] Undefined variable: vo F:\wwwroot\Runtime\Cache\Home\769e70f2e46f34ceb60619bbda5e4691.php 第 206 行.
NOTIC: [8] Undefined variable: vo F:\wwwroot\Runtime\Cache\Home\769e70f2e46f34ceb60619bbda5e4691.php 第 222 行.
NOTIC: [8] Undefined variable: vo F:\wwwroot\Runtime\Cache\Home\769e70f2e46f34ceb60619bbda5e4691.php 第 238 行.
NOTIC: [8] Undefined variable: vo F:\wwwroot\Runtime\Cache\Home\769e70f2e46f34ceb60619bbda5e4691.php 第 254 行.
NOTIC: [8] Undefined variable: vo F:\wwwroot\Runtime\Cache\Home\769e70f2e46f34ceb60619bbda5e4691.php 第 270 行.
NOTIC: [8] Undefined variable: vo F:\wwwroot\Runtime\Cache\Home\769e70f2e46f34ceb60619bbda5e4691.php 第 286 行.
NOTIC: [8] Undefined variable: vo F:\wwwroot\Runtime\Cache\Home\769e70f2e46f34ceb60619bbda5e4691.php 第 302 行.
INFO: Run Behavior\ParseTemplate [ RunTime:0.055784s ]
INFO: [ view_parse ] --END-- [ RunTime:0.012145s ]
INFO: [ view_filter ] --START--
INFO: Run Behavior\WriteHtmlCache [ RunTime:0.000094s ]
INFO: [ view_filter ] --END-- [ RunTime:-0.017153s ]
INFO: [ app_end ] --START--
INFO: Run Behavior\ShowPageTrace [ RunTime:0.033441s ]
INFO: [ app_end ] --END-- [ RunTime:0.033975s ]

[ 2015-09-29T13:23:06+08:00 ] ::1 /
SQL: SHOW COLUMNS FROM `le_category` [ RunTime:0.006100s ]
SQL: SELECT `id`,`name`,`title`,`pid`,`sort`,`list_row`,`meta_title`,`keywords`,`description`,`template_index`,`template_lists`,`template_detail`,`template_edit`,`model`,`type`,`link_id`,`allow_publish`,`display`,`reply`,`check`,`reply_model`,`extend`,`create_time`,`update_time`,`status`,`icon` FROM `le_category` WHERE ( `status` = 1 ) ORDER BY sort  [ RunTime:0.000498s ]
SQL: SHOW COLUMNS FROM `le_document` [ RunTime:0.006709s ]
SQL: SELECT `id`,`uid`,`name`,`title`,`category_id`,`description`,`root`,`pid`,`model_id`,`type`,`position`,`link_id`,`cover_id`,`display`,`deadline`,`attach`,`view`,`comment`,`extend`,`level`,`create_time`,`update_time`,`status` FROM `le_document` WHERE ( `status` = 1 ) AND ( `pid` = 0 ) AND ( `create_time` < 1443504186 ) AND ( deadline = 0 OR deadline > 1443504186 ) ORDER BY `id` DESC  [ RunTime:0.000435s ]
INFO: [ view_parse ] --START--
INFO: [ template_filter ] --START--
INFO: Run Behavior\ContentReplace [ RunTime:0.000254s ]
INFO: [ template_filter ] --END-- [ RunTime:0.000426s ]
SQL: SHOW COLUMNS FROM `le_channel` [ RunTime:0.006115s ]
SQL: SELECT `id`,`pid`,`title`,`url`,`sort`,`create_time`,`update_time`,`status`,`target` FROM `le_channel` WHERE ( status=1 ) ORDER BY sort  [ RunTime:0.000432s ]
NOTIC: [8] Undefined index: id F:\wwwroot\Runtime\Cache\Home\769e70f2e46f34ceb60619bbda5e4691.php 第 111 行.
SQL: SELECT `id`,`name`,`pid`,`title`,`link_id` FROM `le_category` WHERE ( `status` = 1 ) ORDER BY sort  [ RunTime:0.000468s ]
NOTIC: [8] Undefined index: _ F:\wwwroot\Application\Home\Widget\CategoryWidget.class.php 第 25 行.
INFO: [ view_parse ] --START--
INFO: [ template_filter ] --START--
INFO: Run Behavior\ContentReplace [ RunTime:0.000087s ]
INFO: [ template_filter ] --END-- [ RunTime:-0.025612s ]
INFO: Run Behavior\ParseTemplate [ RunTime:0.008255s ]
INFO: [ view_parse ] --END-- [ RunTime:0.008518s ]
INFO: [ view_filter ] --START--
INFO: Run Behavior\WriteHtmlCache [ RunTime:0.002111s ]
INFO: [ view_filter ] --END-- [ RunTime:0.002334s ]
NOTIC: [8] Undefined variable: section1 F:\wwwroot\Runtime\Cache\Home\769e70f2e46f34ceb60619bbda5e4691.php 第 120 行.
NOTIC: [8] Undefined variable: vo F:\wwwroot\Runtime\Cache\Home\769e70f2e46f34ceb60619bbda5e4691.php 第 125 行.
NOTIC: [8] Undefined variable: section2 F:\wwwroot\Runtime\Cache\Home\769e70f2e46f34ceb60619bbda5e4691.php 第 136 行.
NOTIC: [8] Undefined variable: vo F:\wwwroot\Runtime\Cache\Home\769e70f2e46f34ceb60619bbda5e4691.php 第 141 行.
NOTIC: [8] Undefined variable: vo F:\wwwroot\Runtime\Cache\Home\769e70f2e46f34ceb60619bbda5e4691.php 第 142 行.
NOTIC: [8] Undefined variable: vo F:\wwwroot\Runtime\Cache\Home\769e70f2e46f34ceb60619bbda5e4691.php 第 143 行.
NOTIC: [8] Undefined variable: vo F:\wwwroot\Runtime\Cache\Home\769e70f2e46f34ceb60619bbda5e4691.php 第 144 行.
NOTIC: [8] Undefined variable: vo F:\wwwroot\Runtime\Cache\Home\769e70f2e46f34ceb60619bbda5e4691.php 第 145 行.
NOTIC: [8] Undefined variable: vo F:\wwwroot\Runtime\Cache\Home\769e70f2e46f34ceb60619bbda5e4691.php 第 146 行.
NOTIC: [8] Undefined variable: vo F:\wwwroot\Runtime\Cache\Home\769e70f2e46f34ceb60619bbda5e4691.php 第 147 行.
NOTIC: [8] Undefined variable: vo F:\wwwroot\Runtime\Cache\Home\769e70f2e46f34ceb60619bbda5e4691.php 第 148 行.
NOTIC: [8] Undefined variable: vo F:\wwwroot\Runtime\Cache\Home\769e70f2e46f34ceb60619bbda5e4691.php 第 149 行.
NOTIC: [8] Undefined variable: vo F:\wwwroot\Runtime\Cache\Home\769e70f2e46f34ceb60619bbda5e4691.php 第 150 行.
NOTIC: [8] Undefined variable: vo F:\wwwroot\Runtime\Cache\Home\769e70f2e46f34ceb60619bbda5e4691.php 第 151 行.
NOTIC: [8] Undefined variable: vo F:\wwwroot\Runtime\Cache\Home\769e70f2e46f34ceb60619bbda5e4691.php 第 152 行.
NOTIC: [8] Undefined variable: vo F:\wwwroot\Runtime\Cache\Home\769e70f2e46f34ceb60619bbda5e4691.php 第 153 行.
NOTIC: [8] Undefined variable: vo F:\wwwroot\Runtime\Cache\Home\769e70f2e46f34ceb60619bbda5e4691.php 第 154 行.
NOTIC: [8] Undefined variable: vo F:\wwwroot\Runtime\Cache\Home\769e70f2e46f34ceb60619bbda5e4691.php 第 155 行.
NOTIC: [8] Undefined variable: vo F:\wwwroot\Runtime\Cache\Home\769e70f2e46f34ceb60619bbda5e4691.php 第 191 行.
NOTIC: [8] Undefined variable: vo F:\wwwroot\Runtime\Cache\Home\769e70f2e46f34ceb60619bbda5e4691.php 第 206 行.
NOTIC: [8] Undefined variable: vo F:\wwwroot\Runtime\Cache\Home\769e70f2e46f34ceb60619bbda5e4691.php 第 222 行.
NOTIC: [8] Undefined variable: vo F:\wwwroot\Runtime\Cache\Home\769e70f2e46f34ceb60619bbda5e4691.php 第 238 行.
NOTIC: [8] Undefined variable: vo F:\wwwroot\Runtime\Cache\Home\769e70f2e46f34ceb60619bbda5e4691.php 第 254 行.
NOTIC: [8] Undefined variable: vo F:\wwwroot\Runtime\Cache\Home\769e70f2e46f34ceb60619bbda5e4691.php 第 270 行.
NOTIC: [8] Undefined variable: vo F:\wwwroot\Runtime\Cache\Home\769e70f2e46f34ceb60619bbda5e4691.php 第 286 行.
NOTIC: [8] Undefined variable: vo F:\wwwroot\Runtime\Cache\Home\769e70f2e46f34ceb60619bbda5e4691.php 第 302 行.
INFO: Run Behavior\ParseTemplate [ RunTime:0.018433s ]
INFO: [ view_parse ] --END-- [ RunTime:0.008518s ]
INFO: [ view_filter ] --START--
INFO: Run Behavior\WriteHtmlCache [ RunTime:0.000032s ]
INFO: [ view_filter ] --END-- [ RunTime:-0.007762s ]
INFO: [ app_end ] --START--
INFO: Run Behavior\ShowPageTrace [ RunTime:0.002807s ]
INFO: [ app_end ] --END-- [ RunTime:0.003022s ]

[ 2015-09-29T13:23:07+08:00 ] ::1 /
SQL: SHOW COLUMNS FROM `le_category` [ RunTime:0.006835s ]
SQL: SELECT `id`,`name`,`title`,`pid`,`sort`,`list_row`,`meta_title`,`keywords`,`description`,`template_index`,`template_lists`,`template_detail`,`template_edit`,`model`,`type`,`link_id`,`allow_publish`,`display`,`reply`,`check`,`reply_model`,`extend`,`create_time`,`update_time`,`status`,`icon` FROM `le_category` WHERE ( `status` = 1 ) ORDER BY sort  [ RunTime:0.000470s ]
SQL: SHOW COLUMNS FROM `le_document` [ RunTime:0.006986s ]
SQL: SELECT `id`,`uid`,`name`,`title`,`category_id`,`description`,`root`,`pid`,`model_id`,`type`,`position`,`link_id`,`cover_id`,`display`,`deadline`,`attach`,`view`,`comment`,`extend`,`level`,`create_time`,`update_time`,`status` FROM `le_document` WHERE ( `status` = 1 ) AND ( `pid` = 0 ) AND ( `create_time` < 1443504186 ) AND ( deadline = 0 OR deadline > 1443504186 ) ORDER BY `id` DESC  [ RunTime:0.000427s ]
INFO: [ view_parse ] --START--
INFO: [ template_filter ] --START--
INFO: Run Behavior\ContentReplace [ RunTime:0.000260s ]
INFO: [ template_filter ] --END-- [ RunTime:0.000436s ]
SQL: SHOW COLUMNS FROM `le_channel` [ RunTime:0.006325s ]
SQL: SELECT `id`,`pid`,`title`,`url`,`sort`,`create_time`,`update_time`,`status`,`target` FROM `le_channel` WHERE ( status=1 ) ORDER BY sort  [ RunTime:0.000409s ]
NOTIC: [8] Undefined index: id F:\wwwroot\Runtime\Cache\Home\769e70f2e46f34ceb60619bbda5e4691.php 第 111 行.
SQL: SELECT `id`,`name`,`pid`,`title`,`link_id` FROM `le_category` WHERE ( `status` = 1 ) ORDER BY sort  [ RunTime:0.000433s ]
NOTIC: [8] Undefined index: _ F:\wwwroot\Application\Home\Widget\CategoryWidget.class.php 第 25 行.
INFO: [ view_parse ] --START--
INFO: [ template_filter ] --START--
INFO: Run Behavior\ContentReplace [ RunTime:0.000075s ]
INFO: [ template_filter ] --END-- [ RunTime:-0.023800s ]
INFO: Run Behavior\ParseTemplate [ RunTime:0.006728s ]
INFO: [ view_parse ] --END-- [ RunTime:0.006902s ]
INFO: [ view_filter ] --START--
INFO: Run Behavior\WriteHtmlCache [ RunTime:0.000792s ]
INFO: [ view_filter ] --END-- [ RunTime:0.000938s ]
NOTIC: [8] Undefined variable: section1 F:\wwwroot\Runtime\Cache\Home\769e70f2e46f34ceb60619bbda5e4691.php 第 120 行.
NOTIC: [8] Undefined variable: vo F:\wwwroot\Runtime\Cache\Home\769e70f2e46f34ceb60619bbda5e4691.php 第 125 行.
NOTIC: [8] Undefined variable: section2 F:\wwwroot\Runtime\Cache\Home\769e70f2e46f34ceb60619bbda5e4691.php 第 136 行.
NOTIC: [8] Undefined variable: vo F:\wwwroot\Runtime\Cache\Home\769e70f2e46f34ceb60619bbda5e4691.php 第 141 行.
NOTIC: [8] Undefined variable: vo F:\wwwroot\Runtime\Cache\Home\769e70f2e46f34ceb60619bbda5e4691.php 第 142 行.
NOTIC: [8] Undefined variable: vo F:\wwwroot\Runtime\Cache\Home\769e70f2e46f34ceb60619bbda5e4691.php 第 143 行.
NOTIC: [8] Undefined variable: vo F:\wwwroot\Runtime\Cache\Home\769e70f2e46f34ceb60619bbda5e4691.php 第 144 行.
NOTIC: [8] Undefined variable: vo F:\wwwroot\Runtime\Cache\Home\769e70f2e46f34ceb60619bbda5e4691.php 第 145 行.
NOTIC: [8] Undefined variable: vo F:\wwwroot\Runtime\Cache\Home\769e70f2e46f34ceb60619bbda5e4691.php 第 146 行.
NOTIC: [8] Undefined variable: vo F:\wwwroot\Runtime\Cache\Home\769e70f2e46f34ceb60619bbda5e4691.php 第 147 行.
NOTIC: [8] Undefined variable: vo F:\wwwroot\Runtime\Cache\Home\769e70f2e46f34ceb60619bbda5e4691.php 第 148 行.
NOTIC: [8] Undefined variable: vo F:\wwwroot\Runtime\Cache\Home\769e70f2e46f34ceb60619bbda5e4691.php 第 149 行.
NOTIC: [8] Undefined variable: vo F:\wwwroot\Runtime\Cache\Home\769e70f2e46f34ceb60619bbda5e4691.php 第 150 行.
NOTIC: [8] Undefined variable: vo F:\wwwroot\Runtime\Cache\Home\769e70f2e46f34ceb60619bbda5e4691.php 第 151 行.
NOTIC: [8] Undefined variable: vo F:\wwwroot\Runtime\Cache\Home\769e70f2e46f34ceb60619bbda5e4691.php 第 152 行.
NOTIC: [8] Undefined variable: vo F:\wwwroot\Runtime\Cache\Home\769e70f2e46f34ceb60619bbda5e4691.php 第 153 行.
NOTIC: [8] Undefined variable: vo F:\wwwroot\Runtime\Cache\Home\769e70f2e46f34ceb60619bbda5e4691.php 第 154 行.
NOTIC: [8] Undefined variable: vo F:\wwwroot\Runtime\Cache\Home\769e70f2e46f34ceb60619bbda5e4691.php 第 155 行.
NOTIC: [8] Undefined variable: vo F:\wwwroot\Runtime\Cache\Home\769e70f2e46f34ceb60619bbda5e4691.php 第 191 行.
NOTIC: [8] Undefined variable: vo F:\wwwroot\Runtime\Cache\Home\769e70f2e46f34ceb60619bbda5e4691.php 第 206 行.
NOTIC: [8] Undefined variable: vo F:\wwwroot\Runtime\Cache\Home\769e70f2e46f34ceb60619bbda5e4691.php 第 222 行.
NOTIC: [8] Undefined variable: vo F:\wwwroot\Runtime\Cache\Home\769e70f2e46f34ceb60619bbda5e4691.php 第 238 行.
NOTIC: [8] Undefined variable: vo F:\wwwroot\Runtime\Cache\Home\769e70f2e46f34ceb60619bbda5e4691.php 第 254 行.
NOTIC: [8] Undefined variable: vo F:\wwwroot\Runtime\Cache\Home\769e70f2e46f34ceb60619bbda5e4691.php 第 270 行.
NOTIC: [8] Undefined variable: vo F:\wwwroot\Runtime\Cache\Home\769e70f2e46f34ceb60619bbda5e4691.php 第 286 行.
NOTIC: [8] Undefined variable: vo F:\wwwroot\Runtime\Cache\Home\769e70f2e46f34ceb60619bbda5e4691.php 第 302 行.
INFO: Run Behavior\ParseTemplate [ RunTime:0.014009s ]
INFO: [ view_parse ] --END-- [ RunTime:0.006902s ]
INFO: [ view_filter ] --START--
INFO: Run Behavior\WriteHtmlCache [ RunTime:0.000029s ]
INFO: [ view_filter ] --END-- [ RunTime:-0.006301s ]
INFO: [ app_end ] --START--
INFO: Run Behavior\ShowPageTrace [ RunTime:0.001305s ]
INFO: [ app_end ] --END-- [ RunTime:0.001497s ]

[ 2015-09-29T13:23:18+08:00 ] ::1 /
SQL: SHOW COLUMNS FROM `le_category` [ RunTime:0.022530s ]
SQL: SELECT `id`,`name`,`title`,`pid`,`sort`,`list_row`,`meta_title`,`keywords`,`description`,`template_index`,`template_lists`,`template_detail`,`template_edit`,`model`,`type`,`link_id`,`allow_publish`,`display`,`reply`,`check`,`reply_model`,`extend`,`create_time`,`update_time`,`status`,`icon` FROM `le_category` WHERE ( `status` = 1 ) ORDER BY sort  [ RunTime:0.001138s ]
SQL: SHOW COLUMNS FROM `le_document` [ RunTime:0.014795s ]
SQL: SELECT `id`,`uid`,`name`,`title`,`category_id`,`description`,`root`,`pid`,`model_id`,`type`,`position`,`link_id`,`cover_id`,`display`,`deadline`,`attach`,`view`,`comment`,`extend`,`level`,`create_time`,`update_time`,`status` FROM `le_document` WHERE ( `status` = 1 ) AND ( `pid` = 0 ) AND ( `create_time` < 1443504197 ) AND ( deadline = 0 OR deadline > 1443504197 ) ORDER BY `id` DESC  [ RunTime:0.001739s ]
INFO: [ view_parse ] --START--
INFO: [ template_filter ] --START--
INFO: Run Behavior\ContentReplace [ RunTime:0.000220s ]
INFO: [ template_filter ] --END-- [ RunTime:0.000384s ]
SQL: SHOW COLUMNS FROM `le_channel` [ RunTime:0.008024s ]
SQL: SELECT `id`,`pid`,`title`,`url`,`sort`,`create_time`,`update_time`,`status`,`target` FROM `le_channel` WHERE ( status=1 ) ORDER BY sort  [ RunTime:0.000441s ]
NOTIC: [8] Undefined index: id F:\wwwroot\Runtime\Cache\Home\769e70f2e46f34ceb60619bbda5e4691.php 第 111 行.
SQL: SELECT `id`,`name`,`pid`,`title`,`link_id` FROM `le_category` WHERE ( `status` = 1 ) ORDER BY sort  [ RunTime:0.000345s ]
NOTIC: [8] Undefined index: _ F:\wwwroot\Application\Home\Widget\CategoryWidget.class.php 第 25 行.
INFO: [ view_parse ] --START--
INFO: [ template_filter ] --START--
INFO: Run Behavior\ContentReplace [ RunTime:0.000080s ]
INFO: [ template_filter ] --END-- [ RunTime:-0.025176s ]
INFO: Run Behavior\ParseTemplate [ RunTime:0.006531s ]
INFO: [ view_parse ] --END-- [ RunTime:0.006816s ]
INFO: [ view_filter ] --START--
INFO: Run Behavior\WriteHtmlCache [ RunTime:0.002574s ]
INFO: [ view_filter ] --END-- [ RunTime:0.002827s ]
NOTIC: [8] Undefined variable: section1 F:\wwwroot\Runtime\Cache\Home\769e70f2e46f34ceb60619bbda5e4691.php 第 120 行.
NOTIC: [8] Undefined variable: vo F:\wwwroot\Runtime\Cache\Home\769e70f2e46f34ceb60619bbda5e4691.php 第 125 行.
NOTIC: [8] Undefined variable: section2 F:\wwwroot\Runtime\Cache\Home\769e70f2e46f34ceb60619bbda5e4691.php 第 136 行.
NOTIC: [8] Undefined variable: vo F:\wwwroot\Runtime\Cache\Home\769e70f2e46f34ceb60619bbda5e4691.php 第 141 行.
NOTIC: [8] Undefined variable: vo F:\wwwroot\Runtime\Cache\Home\769e70f2e46f34ceb60619bbda5e4691.php 第 142 行.
NOTIC: [8] Undefined variable: vo F:\wwwroot\Runtime\Cache\Home\769e70f2e46f34ceb60619bbda5e4691.php 第 143 行.
NOTIC: [8] Undefined variable: vo F:\wwwroot\Runtime\Cache\Home\769e70f2e46f34ceb60619bbda5e4691.php 第 144 行.
NOTIC: [8] Undefined variable: vo F:\wwwroot\Runtime\Cache\Home\769e70f2e46f34ceb60619bbda5e4691.php 第 145 行.
NOTIC: [8] Undefined variable: vo F:\wwwroot\Runtime\Cache\Home\769e70f2e46f34ceb60619bbda5e4691.php 第 146 行.
NOTIC: [8] Undefined variable: vo F:\wwwroot\Runtime\Cache\Home\769e70f2e46f34ceb60619bbda5e4691.php 第 147 行.
NOTIC: [8] Undefined variable: vo F:\wwwroot\Runtime\Cache\Home\769e70f2e46f34ceb60619bbda5e4691.php 第 148 行.
NOTIC: [8] Undefined variable: vo F:\wwwroot\Runtime\Cache\Home\769e70f2e46f34ceb60619bbda5e4691.php 第 149 行.
NOTIC: [8] Undefined variable: vo F:\wwwroot\Runtime\Cache\Home\769e70f2e46f34ceb60619bbda5e4691.php 第 150 行.
NOTIC: [8] Undefined variable: vo F:\wwwroot\Runtime\Cache\Home\769e70f2e46f34ceb60619bbda5e4691.php 第 151 行.
NOTIC: [8] Undefined variable: vo F:\wwwroot\Runtime\Cache\Home\769e70f2e46f34ceb60619bbda5e4691.php 第 152 行.
NOTIC: [8] Undefined variable: vo F:\wwwroot\Runtime\Cache\Home\769e70f2e46f34ceb60619bbda5e4691.php 第 153 行.
NOTIC: [8] Undefined variable: vo F:\wwwroot\Runtime\Cache\Home\769e70f2e46f34ceb60619bbda5e4691.php 第 154 行.
NOTIC: [8] Undefined variable: vo F:\wwwroot\Runtime\Cache\Home\769e70f2e46f34ceb60619bbda5e4691.php 第 155 行.
NOTIC: [8] Undefined variable: vo F:\wwwroot\Runtime\Cache\Home\769e70f2e46f34ceb60619bbda5e4691.php 第 191 行.
NOTIC: [8] Undefined variable: vo F:\wwwroot\Runtime\Cache\Home\769e70f2e46f34ceb60619bbda5e4691.php 第 206 行.
NOTIC: [8] Undefined variable: vo F:\wwwroot\Runtime\Cache\Home\769e70f2e46f34ceb60619bbda5e4691.php 第 222 行.
NOTIC: [8] Undefined variable: vo F:\wwwroot\Runtime\Cache\Home\769e70f2e46f34ceb60619bbda5e4691.php 第 238 行.
NOTIC: [8] Undefined variable: vo F:\wwwroot\Runtime\Cache\Home\769e70f2e46f34ceb60619bbda5e4691.php 第 254 行.
NOTIC: [8] Undefined variable: vo F:\wwwroot\Runtime\Cache\Home\769e70f2e46f34ceb60619bbda5e4691.php 第 270 行.
NOTIC: [8] Undefined variable: vo F:\wwwroot\Runtime\Cache\Home\769e70f2e46f34ceb60619bbda5e4691.php 第 286 行.
NOTIC: [8] Undefined variable: vo F:\wwwroot\Runtime\Cache\Home\769e70f2e46f34ceb60619bbda5e4691.php 第 302 行.
INFO: Run Behavior\ParseTemplate [ RunTime:0.016163s ]
INFO: [ view_parse ] --END-- [ RunTime:0.006816s ]
INFO: [ view_filter ] --START--
INFO: Run Behavior\WriteHtmlCache [ RunTime:0.000032s ]
INFO: [ view_filter ] --END-- [ RunTime:-0.006698s ]
INFO: [ app_end ] --START--
INFO: Run Behavior\ShowPageTrace [ RunTime:0.001669s ]
INFO: [ app_end ] --END-- [ RunTime:0.001829s ]

[ 2015-09-29T13:23:23+08:00 ] ::1 /Home/Article/index/category/blog.html
SQL: SHOW COLUMNS FROM `le_category` [ RunTime:0.007137s ]
SQL: SELECT `id`,`name`,`title`,`pid`,`sort`,`list_row`,`meta_title`,`keywords`,`description`,`template_index`,`template_lists`,`template_detail`,`template_edit`,`model`,`type`,`link_id`,`allow_publish`,`display`,`reply`,`check`,`reply_model`,`extend`,`create_time`,`update_time`,`status`,`icon` FROM `le_category` WHERE ( `name` = 'blog' ) LIMIT 1   [ RunTime:0.000499s ]
INFO: [ view_parse ] --START--
INFO: [ template_filter ] --START--
INFO: Run Behavior\ContentReplace [ RunTime:0.000139s ]
INFO: [ template_filter ] --END-- [ RunTime:0.000298s ]
SQL: SHOW COLUMNS FROM `le_channel` [ RunTime:0.005982s ]
SQL: SELECT `id`,`pid`,`title`,`url`,`sort`,`create_time`,`update_time`,`status`,`target` FROM `le_channel` WHERE ( status=1 ) ORDER BY sort  [ RunTime:0.000470s ]
SQL: SELECT `id`,`name`,`title`,`pid`,`sort`,`list_row`,`meta_title`,`keywords`,`description`,`template_index`,`template_lists`,`template_detail`,`template_edit`,`model`,`type`,`link_id`,`allow_publish`,`display`,`reply`,`check`,`reply_model`,`extend`,`create_time`,`update_time`,`status`,`icon` FROM `le_category` WHERE ( `id` = 1 ) LIMIT 1   [ RunTime:0.000413s ]
SQL: SELECT `id`,`name`,`pid`,`title`,`link_id` FROM `le_category` WHERE ( `status` = 1 ) ORDER BY sort  [ RunTime:0.000345s ]
INFO: [ view_parse ] --START--
INFO: [ template_filter ] --START--
INFO: Run Behavior\ContentReplace [ RunTime:0.000081s ]
INFO: [ template_filter ] --END-- [ RunTime:-0.023799s ]
INFO: Run Behavior\ParseTemplate [ RunTime:0.007884s ]
INFO: [ view_parse ] --END-- [ RunTime:0.008084s ]
INFO: [ view_filter ] --START--
INFO: Run Behavior\WriteHtmlCache [ RunTime:0.001253s ]
INFO: [ view_filter ] --END-- [ RunTime:0.001438s ]
SQL: SELECT `id`,`name`,`title`,`pid`,`sort`,`list_row`,`meta_title`,`keywords`,`description`,`template_index`,`template_lists`,`template_detail`,`template_edit`,`model`,`type`,`link_id`,`allow_publish`,`display`,`reply`,`check`,`reply_model`,`extend`,`create_time`,`update_time`,`status`,`icon` FROM `le_category` WHERE ( `id` = 1 ) LIMIT 1   [ RunTime:0.000511s ]
SQL: SELECT `id`,`name`,`pid`,`title`,`link_id` FROM `le_category` WHERE ( `status` = 1 ) ORDER BY sort  [ RunTime:0.000316s ]
SQL: SHOW COLUMNS FROM `le_document` [ RunTime:0.006205s ]
SQL: SELECT `id`,`uid`,`name`,`title`,`category_id`,`description`,`root`,`pid`,`model_id`,`type`,`position`,`link_id`,`cover_id`,`display`,`deadline`,`attach`,`view`,`comment`,`extend`,`level`,`create_time`,`update_time`,`status` FROM `le_document` WHERE ( `status` = 1 ) AND ( `pid` = 0 ) AND ( `category_id` = 2 ) AND ( `create_time` < 1443504203 ) AND ( deadline = 0 OR deadline > 1443504203 ) ORDER BY `level` DESC,`id` DESC LIMIT 0,10   [ RunTime:0.000450s ]
INFO: Run Behavior\ParseTemplate [ RunTime:0.026726s ]
INFO: [ view_parse ] --END-- [ RunTime:0.008084s ]
INFO: [ view_filter ] --START--
INFO: Run Behavior\WriteHtmlCache [ RunTime:0.000050s ]
INFO: [ view_filter ] --END-- [ RunTime:-0.017445s ]
INFO: [ app_end ] --START--
INFO: Run Behavior\ShowPageTrace [ RunTime:0.001536s ]
INFO: [ app_end ] --END-- [ RunTime:0.001725s ]

[ 2015-09-29T13:23:24+08:00 ] ::1 /Home/Index/index.html
SQL: SHOW COLUMNS FROM `le_category` [ RunTime:0.006610s ]
SQL: SELECT `id`,`name`,`title`,`pid`,`sort`,`list_row`,`meta_title`,`keywords`,`description`,`template_index`,`template_lists`,`template_detail`,`template_edit`,`model`,`type`,`link_id`,`allow_publish`,`display`,`reply`,`check`,`reply_model`,`extend`,`create_time`,`update_time`,`status`,`icon` FROM `le_category` WHERE ( `status` = 1 ) ORDER BY sort  [ RunTime:0.000441s ]
SQL: SHOW COLUMNS FROM `le_document` [ RunTime:0.006367s ]
SQL: SELECT `id`,`uid`,`name`,`title`,`category_id`,`description`,`root`,`pid`,`model_id`,`type`,`position`,`link_id`,`cover_id`,`display`,`deadline`,`attach`,`view`,`comment`,`extend`,`level`,`create_time`,`update_time`,`status` FROM `le_document` WHERE ( `status` = 1 ) AND ( `pid` = 0 ) AND ( `create_time` < 1443504203 ) AND ( deadline = 0 OR deadline > 1443504203 ) ORDER BY `id` DESC  [ RunTime:0.000431s ]
INFO: [ view_parse ] --START--
INFO: [ template_filter ] --START--
INFO: Run Behavior\ContentReplace [ RunTime:0.000219s ]
INFO: [ template_filter ] --END-- [ RunTime:0.000382s ]
SQL: SHOW COLUMNS FROM `le_channel` [ RunTime:0.006552s ]
SQL: SELECT `id`,`pid`,`title`,`url`,`sort`,`create_time`,`update_time`,`status`,`target` FROM `le_channel` WHERE ( status=1 ) ORDER BY sort  [ RunTime:0.000708s ]
NOTIC: [8] Undefined index: id F:\wwwroot\Runtime\Cache\Home\769e70f2e46f34ceb60619bbda5e4691.php 第 111 行.
SQL: SELECT `id`,`name`,`pid`,`title`,`link_id` FROM `le_category` WHERE ( `status` = 1 ) ORDER BY sort  [ RunTime:0.000451s ]
NOTIC: [8] Undefined index: _ F:\wwwroot\Application\Home\Widget\CategoryWidget.class.php 第 25 行.
INFO: [ view_parse ] --START--
INFO: [ template_filter ] --START--
INFO: Run Behavior\ContentReplace [ RunTime:0.000082s ]
INFO: [ template_filter ] --END-- [ RunTime:-0.025328s ]
INFO: Run Behavior\ParseTemplate [ RunTime:0.007677s ]
INFO: [ view_parse ] --END-- [ RunTime:0.007954s ]
INFO: [ view_filter ] --START--
INFO: Run Behavior\WriteHtmlCache [ RunTime:0.001338s ]
INFO: [ view_filter ] --END-- [ RunTime:0.001537s ]
NOTIC: [8] Undefined variable: section1 F:\wwwroot\Runtime\Cache\Home\769e70f2e46f34ceb60619bbda5e4691.php 第 120 行.
NOTIC: [8] Undefined variable: vo F:\wwwroot\Runtime\Cache\Home\769e70f2e46f34ceb60619bbda5e4691.php 第 125 行.
NOTIC: [8] Undefined variable: section2 F:\wwwroot\Runtime\Cache\Home\769e70f2e46f34ceb60619bbda5e4691.php 第 136 行.
NOTIC: [8] Undefined variable: vo F:\wwwroot\Runtime\Cache\Home\769e70f2e46f34ceb60619bbda5e4691.php 第 141 行.
NOTIC: [8] Undefined variable: vo F:\wwwroot\Runtime\Cache\Home\769e70f2e46f34ceb60619bbda5e4691.php 第 142 行.
NOTIC: [8] Undefined variable: vo F:\wwwroot\Runtime\Cache\Home\769e70f2e46f34ceb60619bbda5e4691.php 第 143 行.
NOTIC: [8] Undefined variable: vo F:\wwwroot\Runtime\Cache\Home\769e70f2e46f34ceb60619bbda5e4691.php 第 144 行.
NOTIC: [8] Undefined variable: vo F:\wwwroot\Runtime\Cache\Home\769e70f2e46f34ceb60619bbda5e4691.php 第 145 行.
NOTIC: [8] Undefined variable: vo F:\wwwroot\Runtime\Cache\Home\769e70f2e46f34ceb60619bbda5e4691.php 第 146 行.
NOTIC: [8] Undefined variable: vo F:\wwwroot\Runtime\Cache\Home\769e70f2e46f34ceb60619bbda5e4691.php 第 147 行.
NOTIC: [8] Undefined variable: vo F:\wwwroot\Runtime\Cache\Home\769e70f2e46f34ceb60619bbda5e4691.php 第 148 行.
NOTIC: [8] Undefined variable: vo F:\wwwroot\Runtime\Cache\Home\769e70f2e46f34ceb60619bbda5e4691.php 第 149 行.
NOTIC: [8] Undefined variable: vo F:\wwwroot\Runtime\Cache\Home\769e70f2e46f34ceb60619bbda5e4691.php 第 150 行.
NOTIC: [8] Undefined variable: vo F:\wwwroot\Runtime\Cache\Home\769e70f2e46f34ceb60619bbda5e4691.php 第 151 行.
NOTIC: [8] Undefined variable: vo F:\wwwroot\Runtime\Cache\Home\769e70f2e46f34ceb60619bbda5e4691.php 第 152 行.
NOTIC: [8] Undefined variable: vo F:\wwwroot\Runtime\Cache\Home\769e70f2e46f34ceb60619bbda5e4691.php 第 153 行.
NOTIC: [8] Undefined variable: vo F:\wwwroot\Runtime\Cache\Home\769e70f2e46f34ceb60619bbda5e4691.php 第 154 行.
NOTIC: [8] Undefined variable: vo F:\wwwroot\Runtime\Cache\Home\769e70f2e46f34ceb60619bbda5e4691.php 第 155 行.
NOTIC: [8] Undefined variable: vo F:\wwwroot\Runtime\Cache\Home\769e70f2e46f34ceb60619bbda5e4691.php 第 191 行.
NOTIC: [8] Undefined variable: vo F:\wwwroot\Runtime\Cache\Home\769e70f2e46f34ceb60619bbda5e4691.php 第 206 行.
NOTIC: [8] Undefined variable: vo F:\wwwroot\Runtime\Cache\Home\769e70f2e46f34ceb60619bbda5e4691.php 第 222 行.
NOTIC: [8] Undefined variable: vo F:\wwwroot\Runtime\Cache\Home\769e70f2e46f34ceb60619bbda5e4691.php 第 238 行.
NOTIC: [8] Undefined variable: vo F:\wwwroot\Runtime\Cache\Home\769e70f2e46f34ceb60619bbda5e4691.php 第 254 行.
NOTIC: [8] Undefined variable: vo F:\wwwroot\Runtime\Cache\Home\769e70f2e46f34ceb60619bbda5e4691.php 第 270 行.
NOTIC: [8] Undefined variable: vo F:\wwwroot\Runtime\Cache\Home\769e70f2e46f34ceb60619bbda5e4691.php 第 286 行.
NOTIC: [8] Undefined variable: vo F:\wwwroot\Runtime\Cache\Home\769e70f2e46f34ceb60619bbda5e4691.php 第 302 行.
INFO: Run Behavior\ParseTemplate [ RunTime:0.015677s ]
INFO: [ view_parse ] --END-- [ RunTime:0.007954s ]
INFO: [ view_filter ] --START--
INFO: Run Behavior\WriteHtmlCache [ RunTime:0.000030s ]
INFO: [ view_filter ] --END-- [ RunTime:-0.006360s ]
INFO: [ app_end ] --START--
INFO: Run Behavior\ShowPageTrace [ RunTime:0.003417s ]
INFO: [ app_end ] --END-- [ RunTime:0.003700s ]

